2025-12-06 14:14:56 [INFO] Installing jq via Chocolatey
2025-12-06 14:14:56 [INFO] Running: choco install jq -y --no-progress --limit-output 
2025-12-06 14:15:03 [INFO] Chocolatey exit code for jq : 0
2025-12-06 14:15:05 [SUCCESS] jq verified in lib folder (found: jq)
2025-12-06 14:15:05 [SUCCESS] jq installed successfully via Chocolatey
2025-12-06 14:15:06 [INFO] Installing jq via Chocolatey
2025-12-06 14:15:06 [INFO] Running: choco install jq -y --no-progress --limit-output 
2025-12-06 14:15:07 [INFO] Chocolatey exit code for jq : 0
2025-12-06 14:15:09 [SUCCESS] jq verified in lib folder (found: jq)
2025-12-06 14:15:09 [SUCCESS] jq installed successfully via Chocolatey
2025-12-06 14:15:15 [INFO] Uninstalling jq via Chocolatey
2025-12-06 14:15:15 [INFO] Found jq at: C:\Apps\Chocolatey\lib\jq
2025-12-06 14:15:15 [INFO] Running: choco uninstall jq -y --no-progress
2025-12-06 14:15:20 [INFO] Chocolatey uninstall exit code for jq : 0
2025-12-06 14:15:22 [SUCCESS] jq uninstalled successfully via Chocolatey
2025-12-06 14:15:48 [INFO] Installing yt-dlp via Chocolatey
2025-12-06 14:15:48 [INFO] Running: choco install yt-dlp -y --no-progress --limit-output 
2025-12-06 14:15:55 [INFO] Chocolatey exit code for yt-dlp : 0
2025-12-06 14:15:57 [SUCCESS] yt-dlp verified in lib folder (found: yt-dlp)
2025-12-06 14:15:57 [SUCCESS] yt-dlp installed successfully via Chocolatey
2025-12-06 14:15:58 [INFO] Uninstalling yt-dlp via Chocolatey
2025-12-06 14:15:58 [INFO] Found yt-dlp at: C:\Apps\Chocolatey\lib\yt-dlp
2025-12-06 14:15:58 [INFO] Running: choco uninstall yt-dlp -y --no-progress
2025-12-06 14:16:03 [INFO] Chocolatey uninstall exit code for yt-dlp : 0
2025-12-06 14:16:05 [SUCCESS] yt-dlp uninstalled successfully via Chocolatey
2025-12-06 14:16:48 [INFO] Installing curl via Chocolatey
2025-12-06 14:16:48 [INFO] Running: choco install curl -y --no-progress --limit-output 
2025-12-06 14:16:50 [INFO] Chocolatey exit code for curl : 0
2025-12-06 14:16:52 [SUCCESS] curl verified in lib folder (found: curl)
2025-12-06 14:16:52 [SUCCESS] curl installed successfully via Chocolatey
2025-12-06 14:16:52 [INFO] Uninstalling curl via Chocolatey
2025-12-06 14:16:52 [INFO] Found curl at: C:\Apps\Chocolatey\lib\curl
2025-12-06 14:16:52 [INFO] Running: choco uninstall curl -y --no-progress
2025-12-06 14:17:02 [INFO] Chocolatey uninstall exit code for curl : 0
2025-12-06 14:17:04 [SUCCESS] curl uninstalled successfully via Chocolatey
2025-12-06 14:17:31 [INFO] Error capture enabled. Transcript: C:\Users\S P A R O\Desktop\PS1 SCRIPTS\DevToolsInstaller\src\Parts\..\\Logs\runtime_errors_2025-12-06.log
2025-12-06 14:18:40 [INFO] Uninstalling docker-desktop via Chocolatey
2025-12-06 14:18:40 [INFO] Found docker-desktop at: C:\Apps\Chocolatey\lib\docker-desktop
2025-12-06 14:18:40 [INFO] Running: choco uninstall docker-desktop -y --no-progress
2025-12-06 14:18:41 [INFO] Chocolatey uninstall exit code for docker-desktop : 1
2025-12-06 14:18:43 [ERROR] docker-desktop uninstall failed (exit: 1, still exists: True)
2025-12-06 14:18:44 [INFO] Uninstalling docker-desktop via Chocolatey
2025-12-06 14:18:44 [INFO] Found docker-desktop at: C:\Apps\Chocolatey\lib\docker-desktop
2025-12-06 14:18:44 [INFO] Running: choco uninstall docker-desktop -y --no-progress
2025-12-06 14:18:45 [INFO] Chocolatey uninstall exit code for docker-desktop : 1
2025-12-06 14:18:47 [ERROR] docker-desktop uninstall failed (exit: 1, still exists: True)
2025-12-06 14:19:23 [INFO] Uninstalling docker-desktop via Chocolatey
2025-12-06 14:19:23 [INFO] Found docker-desktop at: C:\Apps\Chocolatey\lib\docker-desktop
2025-12-06 14:19:23 [INFO] Running: choco uninstall docker-desktop -y --no-progress
2025-12-06 14:19:24 [INFO] Chocolatey uninstall exit code for docker-desktop : 1
2025-12-06 14:19:26 [INFO] docker-desktop uninstall returned exit code 1 but folder still exists. Attempting manual cleanup...
2025-12-06 14:19:26 [SUCCESS] docker-desktop folder manually removed from lib
2025-12-06 14:19:39 [INFO] Uninstalling git via Chocolatey
2025-12-06 14:19:39 [INFO] Found git at: C:\Apps\Chocolatey\lib\git
2025-12-06 14:19:39 [INFO] Running: choco uninstall git -y --no-progress
2025-12-06 14:19:54 [INFO] Chocolatey uninstall exit code for git : 0
2025-12-06 14:19:56 [SUCCESS] git uninstalled successfully via Chocolatey
2025-12-06 14:19:56 [INFO] Uninstalling git via Chocolatey
2025-12-06 14:19:56 [INFO] git is not installed via Chocolatey. Nothing to uninstall.
2025-12-06 14:20:00 [INFO] Installing git via Chocolatey
2025-12-06 14:20:00 [INFO] Running: choco install git -y --no-progress --limit-output 
2025-12-06 14:20:31 [INFO] Chocolatey exit code for git : 0
2025-12-06 14:20:33 [SUCCESS] git verified in lib folder (found: git)
2025-12-06 14:20:33 [SUCCESS] git installed successfully via Chocolatey
2025-12-06 14:20:38 [INFO] Installing docker-desktop via Chocolatey
2025-12-06 14:20:38 [INFO] Running: choco install docker-desktop -y --no-progress --limit-output 
2025-12-06 14:22:56 [INFO] Chocolatey exit code for docker-desktop : 0
2025-12-06 14:22:58 [SUCCESS] docker-desktop verified in lib folder (found: docker-desktop)
2025-12-06 14:22:58 [SUCCESS] docker-desktop installed successfully via Chocolatey
2025-12-06 14:23:18 [INFO] Error capture enabled. Transcript: C:\Users\S P A R O\Desktop\PS1 SCRIPTS\DevToolsInstaller\src\Parts\..\\Logs\runtime_errors_2025-12-06.log
2025-12-06 14:23:47 [INFO] Error capture enabled. Transcript: C:\Users\S P A R O\Desktop\PS1 SCRIPTS\DevToolsInstaller\src\Parts\..\\Logs\runtime_errors_2025-12-06.log
2025-12-06 14:27:52 [INFO] Error capture enabled. Transcript: C:\Users\S P A R O\Desktop\PS1 SCRIPTS\DevToolsInstaller\src\Parts\..\\Logs\runtime_errors_2025-12-06.log
2025-12-06 14:28:01 [INFO] Uninstalling docker-desktop via Chocolatey
2025-12-06 14:28:01 [INFO] Found docker-desktop at: C:\Apps\Chocolatey\lib\docker-desktop
2025-12-06 14:28:01 [INFO] Running: choco uninstall docker-desktop -y --no-progress
2025-12-06 14:28:47 [INFO] Chocolatey uninstall exit code for docker-desktop : 0
2025-12-06 14:28:49 [SUCCESS] docker-desktop uninstalled successfully via Chocolatey
2025-12-06 14:28:49 [SUCCESS] Docker uninstall completed (UI confirmation)
2025-12-06 14:29:11 [INFO] Uninstalling 7zip via Chocolatey
2025-12-06 14:29:11 [INFO] Found 7zip at: C:\Apps\Chocolatey\lib\7zip
2025-12-06 14:29:11 [INFO] Running: choco uninstall 7zip -y --no-progress
2025-12-06 14:29:22 [INFO] Chocolatey uninstall exit code for 7zip : 0
2025-12-06 14:29:24 [SUCCESS] 7zip uninstalled successfully via Chocolatey
2025-12-06 14:29:25 [SUCCESS] 7Zip uninstall completed (UI confirmation)
2025-12-06 14:30:24 [INFO] Error capture enabled. Transcript: C:\Users\S P A R O\Desktop\PS1 SCRIPTS\DevToolsInstaller\src\Parts\..\\Logs\runtime_errors_2025-12-06.log
2025-12-06 14:30:34 [INFO] Uninstalling googlechrome via Chocolatey
2025-12-06 14:30:34 [INFO] Found googlechrome at: C:\Apps\Chocolatey\lib\GoogleChrome
2025-12-06 14:30:34 [INFO] Running: choco uninstall googlechrome -y --no-progress
2025-12-06 14:30:47 [INFO] Chocolatey uninstall exit code for googlechrome : 0
2025-12-06 14:30:49 [SUCCESS] googlechrome uninstalled successfully via Chocolatey
2025-12-06 14:30:49 [SUCCESS] Chrome uninstall completed (UI confirmation)
2025-12-06 14:30:57 [INFO] Uninstalling notepadplusplus via Chocolatey
2025-12-06 14:30:57 [INFO] Found notepadplusplus at: C:\Apps\Chocolatey\lib\notepadplusplus
2025-12-06 14:30:57 [INFO] Running: choco uninstall notepadplusplus -y --no-progress
2025-12-06 14:31:10 [INFO] Chocolatey uninstall exit code for notepadplusplus : 0
2025-12-06 14:31:12 [SUCCESS] notepadplusplus uninstalled successfully via Chocolatey
2025-12-06 14:31:12 [SUCCESS] NotepadPP uninstall completed (UI confirmation)
2025-12-06 14:32:03 [SUCCESS] Slack verified as installed.
2025-12-06 14:32:41 [INFO] Uninstalling slack via Chocolatey
2025-12-06 14:32:42 [INFO] Found slack at: C:\Apps\Chocolatey\lib\slack
2025-12-06 14:32:42 [INFO] Running: choco uninstall slack -y --no-progress
2025-12-06 14:32:50 [INFO] Chocolatey uninstall exit code for slack : 0
2025-12-06 14:32:52 [SUCCESS] slack uninstalled successfully via Chocolatey
2025-12-06 14:32:52 [SUCCESS] Slack uninstall completed (UI confirmation)
2025-12-06 14:34:19 [INFO] Chocolatey already installed. Skipping profile reinstall.
2025-12-06 14:34:19 [INFO] XAMPP already installed. Skipping profile reinstall.
2025-12-06 14:34:19 [INFO] Composer already installed. Skipping profile reinstall.
2025-12-06 14:34:19 [INFO] Laravel already installed. Skipping profile reinstall.
2025-12-06 14:34:19 [INFO] VSCode already installed. Skipping profile reinstall.
2025-12-06 14:34:19 [INFO] Git already installed. Skipping profile reinstall.
2025-12-06 14:34:19 [INFO] GitHubDesktop already installed. Skipping profile reinstall.
2025-12-06 14:34:19 [INFO] Skipped 7 already-installed tools from PHP profile.
2025-12-06 14:34:34 [SUCCESS] Postman verified as installed.
2025-12-06 14:34:39 [INFO] Python already installed. Skipping profile reinstall.
2025-12-06 14:34:39 [INFO] VSCode already installed. Skipping profile reinstall.
2025-12-06 14:34:39 [INFO] Git already installed. Skipping profile reinstall.
2025-12-06 14:34:39 [INFO] AWSCLI already installed. Skipping profile reinstall.
2025-12-06 14:34:40 [INFO] Skipped 4 already-installed tools from Python profile.
2025-12-06 14:38:06 [SUCCESS] Docker verified as installed.
2025-12-06 14:38:06 [SUCCESS] Chrome verified as installed.
2025-12-06 14:38:06 [SUCCESS] AzureCLI verified as installed.
2025-12-06 14:38:38 [INFO] Error capture enabled. Transcript: C:\Users\S P A R O\Desktop\PS1 SCRIPTS\DevToolsInstaller\src\Parts\..\\Logs\runtime_errors_2025-12-06.log
2025-12-06 14:42:49 [INFO] Error capture enabled. Transcript: C:\Users\S P A R O\Desktop\PS1 SCRIPTS\DevToolsInstaller\src\Parts\..\\Logs\runtime_errors_2025-12-06.log
2025-12-06 14:44:52 [INFO] Error capture enabled. Transcript: C:\Users\S P A R O\Desktop\PS1 SCRIPTS\DevToolsInstaller\src\Parts\..\\Logs\runtime_errors_2025-12-06.log
2025-12-06 14:48:08 [INFO] Error capture enabled. Transcript: C:\Users\S P A R O\Desktop\PS1 SCRIPTS\DevToolsInstaller\src\Parts\..\\Logs\runtime_errors_2025-12-06.log
2025-12-06 14:48:23 [INFO] VSCode is already installed. Skipping installation.
2025-12-06 14:48:32 [INFO] VSCode is already installed. Skipping installation.
2025-12-06 14:48:32 [INFO] Skipping already installed: VSCode
2025-12-06 14:48:43 [ERROR] React was not detected after installation finished.
2025-12-06 14:50:45 [INFO] Error capture enabled. Transcript: C:\Users\S P A R O\Desktop\PS1 SCRIPTS\DevToolsInstaller\src\Parts\..\\Logs\runtime_errors_2025-12-06.log
2025-12-06 14:51:54 [INFO] Error capture enabled. Transcript: C:\Users\S P A R O\Desktop\PS1 SCRIPTS\DevToolsInstaller\src\Parts\..\\Logs\runtime_errors_2025-12-06.log
2025-12-06 14:56:16 [INFO] Error capture enabled. Transcript: C:\Users\S P A R O\Desktop\PS1 SCRIPTS\DevToolsInstaller\src\Parts\..\\Logs\runtime_errors_2025-12-06.log
2025-12-06 14:59:39 [INFO] Error capture enabled. Transcript: C:\Users\S P A R O\Desktop\PS1 SCRIPTS\DevToolsInstaller\src\Parts\..\\Logs\runtime_errors_2025-12-06.log
2025-12-06 15:00:09 [ERROR] React was not detected after installation finished.
2025-12-06 15:00:20 [INFO] Uninstalling postman via Chocolatey
2025-12-06 15:00:20 [INFO] Found postman at: C:\Apps\Chocolatey\lib\postman
2025-12-06 15:00:20 [INFO] Running: choco uninstall postman -y --no-progress
2025-12-06 15:00:26 [INFO] Chocolatey uninstall exit code for postman : 0
2025-12-06 15:00:28 [SUCCESS] postman uninstalled successfully via Chocolatey
2025-12-06 15:00:28 [SUCCESS] Postman uninstall completed (UI confirmation)
2025-12-06 15:00:46 [INFO] Uninstalling googlechrome via Chocolatey
2025-12-06 15:00:46 [INFO] Found googlechrome at: C:\Apps\Chocolatey\lib\GoogleChrome
2025-12-06 15:00:46 [INFO] Running: choco uninstall googlechrome -y --no-progress
2025-12-06 15:00:57 [INFO] Chocolatey uninstall exit code for googlechrome : 0
2025-12-06 15:00:59 [SUCCESS] googlechrome uninstalled successfully via Chocolatey
2025-12-06 15:01:00 [SUCCESS] Chrome uninstall completed (UI confirmation)
2025-12-06 15:01:19 [SUCCESS] 7Zip verified as installed.
2025-12-06 15:05:53 [INFO] Error capture enabled. Transcript: C:\Users\S P A R O\Desktop\PS1 SCRIPTS\DevToolsInstaller\src\Parts\..\\Logs\runtime_errors_2025-12-06.log
2025-12-06 15:06:08 [INFO] Uninstalling 7zip via Chocolatey
2025-12-06 15:06:08 [INFO] Found 7zip at: C:\Apps\Chocolatey\lib\7zip
2025-12-06 15:06:08 [INFO] Running: choco uninstall 7zip -y --no-progress
2025-12-06 15:06:19 [INFO] Chocolatey uninstall exit code for 7zip : 0
2025-12-06 15:06:21 [SUCCESS] 7zip uninstalled successfully via Chocolatey
2025-12-06 15:06:22 [SUCCESS] 7Zip uninstall completed (UI confirmation)
2025-12-06 15:06:37 [SUCCESS] 7Zip verified as installed.
2025-12-06 15:07:10 [INFO] Uninstalling 7zip via Chocolatey
2025-12-06 15:07:10 [INFO] Found 7zip at: C:\Apps\Chocolatey\lib\7zip
2025-12-06 15:07:10 [INFO] Running: choco uninstall 7zip -y --no-progress
2025-12-06 15:07:22 [INFO] Chocolatey uninstall exit code for 7zip : 0
2025-12-06 15:07:24 [SUCCESS] 7zip uninstalled successfully via Chocolatey
2025-12-06 15:07:24 [SUCCESS] 7Zip uninstall completed (UI confirmation)
2025-12-06 15:07:47 [SUCCESS] NotepadPP verified as installed.
2025-12-06 15:12:25 [INFO] Error capture enabled. Transcript: C:\Users\S P A R O\Desktop\PS1 SCRIPTS\DevToolsInstaller\src\Parts\..\\Logs\runtime_errors_2025-12-06.log
2025-12-06 15:12:53 [SUCCESS] 7Zip verified as installed.
2025-12-06 15:15:31 [INFO] Error capture enabled. Transcript: C:\Users\S P A R O\Desktop\PS1 SCRIPTS\DevToolsInstaller\src\Parts\..\\Logs\runtime_errors_2025-12-06.log
2025-12-06 15:15:40 [INFO] Uninstalling 7zip via Chocolatey
2025-12-06 15:15:40 [INFO] Found 7zip at: C:\Apps\Chocolatey\lib\7zip
2025-12-06 15:15:40 [INFO] Running: choco uninstall 7zip -y --no-progress
2025-12-06 15:15:52 [INFO] Chocolatey uninstall exit code for 7zip : 0
2025-12-06 15:15:54 [SUCCESS] 7zip uninstalled successfully via Chocolatey
2025-12-06 15:15:54 [SUCCESS] 7Zip uninstall completed (UI confirmation)
2025-12-06 15:16:07 [SUCCESS] 7Zip verified as installed.
2025-12-06 15:16:20 [INFO] Uninstalling 7zip via Chocolatey
2025-12-06 15:16:20 [INFO] Found 7zip at: C:\Apps\Chocolatey\lib\7zip
2025-12-06 15:16:20 [INFO] Running: choco uninstall 7zip -y --no-progress
2025-12-06 15:16:31 [INFO] Chocolatey uninstall exit code for 7zip : 0
2025-12-06 15:16:33 [SUCCESS] 7zip uninstalled successfully via Chocolatey
2025-12-06 15:16:33 [SUCCESS] 7Zip uninstall completed (UI confirmation)
2025-12-06 15:17:27 [SUCCESS] 7Zip verified as installed.
2025-12-06 15:17:32 [INFO] Uninstalling 7zip via Chocolatey
2025-12-06 15:17:32 [INFO] Found 7zip at: C:\Apps\Chocolatey\lib\7zip
2025-12-06 15:17:32 [INFO] Running: choco uninstall 7zip -y --no-progress
2025-12-06 15:17:43 [INFO] Chocolatey uninstall exit code for 7zip : 0
2025-12-06 15:17:45 [SUCCESS] 7zip uninstalled successfully via Chocolatey
2025-12-06 15:17:46 [SUCCESS] 7Zip uninstall completed (UI confirmation)
2025-12-06 15:18:03 [ERROR] React was not detected after installation finished.
2025-12-06 15:18:27 [SUCCESS] Redis verified as installed.
2025-12-06 15:18:34 [INFO] Uninstalling redis-64 via Chocolatey
2025-12-06 15:18:34 [INFO] Found redis-64 at: C:\Apps\Chocolatey\lib\redis-64
2025-12-06 15:18:34 [INFO] Running: choco uninstall redis-64 -y --no-progress
2025-12-06 15:18:51 [INFO] Chocolatey uninstall exit code for redis-64 : 0
2025-12-06 15:18:53 [SUCCESS] redis-64 uninstalled successfully via Chocolatey
2025-12-06 15:18:53 [SUCCESS] Redis uninstall completed (UI confirmation)
2025-12-06 15:20:31 [INFO] Error capture enabled. Transcript: C:\Users\S P A R O\Desktop\PS1 SCRIPTS\DevToolsInstaller\src\Parts\..\\Logs\runtime_errors_2025-12-06.log
2025-12-06 15:20:46 [INFO] Uninstalling terraform via Chocolatey
2025-12-06 15:20:46 [INFO] Found terraform at: C:\Apps\Chocolatey\lib\terraform
2025-12-06 15:20:46 [INFO] Running: choco uninstall terraform -y --no-progress
2025-12-06 15:20:52 [INFO] Chocolatey uninstall exit code for terraform : 0
2025-12-06 15:20:54 [SUCCESS] terraform uninstalled successfully via Chocolatey
2025-12-06 15:20:54 [SUCCESS] Terraform uninstall completed (UI confirmation)
2025-12-06 15:22:11 [INFO] Uninstalling notepadplusplus via Chocolatey
2025-12-06 15:22:11 [INFO] Found notepadplusplus at: C:\Apps\Chocolatey\lib\notepadplusplus
2025-12-06 15:22:11 [INFO] Running: choco uninstall notepadplusplus -y --no-progress
2025-12-06 15:22:23 [INFO] Chocolatey uninstall exit code for notepadplusplus : 0
2025-12-06 15:22:25 [SUCCESS] notepadplusplus uninstalled successfully via Chocolatey
2025-12-06 15:22:25 [SUCCESS] NotepadPP uninstall completed (UI confirmation)
2025-12-06 15:26:48 [SUCCESS] 7Zip verified as installed.
2025-12-06 15:28:41 [INFO] Error capture enabled. Transcript: C:\Users\S P A R O\Desktop\PS1 SCRIPTS\DevToolsInstaller\src\Parts\..\\Logs\runtime_errors_2025-12-06.log
2025-12-06 15:28:55 [INFO] Uninstalling 7zip via Chocolatey
2025-12-06 15:28:55 [INFO] Found 7zip at: C:\Apps\Chocolatey\lib\7zip
2025-12-06 15:28:55 [INFO] Running: choco uninstall 7zip -y --no-progress
2025-12-06 15:29:06 [INFO] Chocolatey uninstall exit code for 7zip : 0
2025-12-06 15:29:08 [SUCCESS] 7zip uninstalled successfully via Chocolatey
2025-12-06 15:29:09 [SUCCESS] 7Zip uninstall completed (UI confirmation)
2025-12-06 15:29:56 [SUCCESS] 7Zip verified as installed.
2025-12-06 15:30:00 [INFO] Uninstalling 7zip via Chocolatey
2025-12-06 15:30:00 [INFO] Found 7zip at: C:\Apps\Chocolatey\lib\7zip
2025-12-06 15:30:00 [INFO] Running: choco uninstall 7zip -y --no-progress
2025-12-06 15:30:12 [INFO] Chocolatey uninstall exit code for 7zip : 0
2025-12-06 15:30:14 [SUCCESS] 7zip uninstalled successfully via Chocolatey
2025-12-06 15:30:14 [SUCCESS] 7Zip uninstall completed (UI confirmation)
2025-12-06 15:33:16 [INFO] Error capture enabled. Transcript: C:\Users\S P A R O\Desktop\PS1 SCRIPTS\DevToolsInstaller\src\Parts\..\\Logs\runtime_errors_2025-12-06.log
2025-12-06 15:33:36 [SUCCESS] 7Zip verified as installed.
2025-12-06 15:44:18 [INFO] Error capture enabled. Transcript: C:\Users\S P A R O\Desktop\PS1 SCRIPTS\DevToolsInstaller\src\Parts\..\\Logs\runtime_errors_2025-12-06.log
2025-12-06 15:44:18 [ERROR] Unhandled error: At C:\Users\S P A R O\Desktop\PS1 SCRIPTS\DevToolsInstaller\src\Parts\Navigation.Routing.ps1:212 char:1
+ }
+ ~
Unexpected token '}' in expression or statement.
2025-12-06 15:44:18 [ERROR] Unhandled error: The term 'Load-Page' is not recognized as the name of a cmdlet, function, script file, or operable program. Check the spelling of the name, or if a path was included, verify that the path is correct and try again.
2025-12-06 15:44:18 [ERROR] Unhandled error: The term 'Load-Page' is not recognized as the name of a cmdlet, function, script file, or operable program. Check the spelling of the name, or if a path was included, verify that the path is correct and try again.
2025-12-06 15:45:40 [INFO] Error capture enabled. Transcript: C:\Users\S P A R O\Desktop\PS1 SCRIPTS\DevToolsInstaller\src\Parts\..\\Logs\runtime_errors_2025-12-06.log
2025-12-06 16:18:25 [INFO] Error capture enabled. Transcript: C:\Users\S P A R O\Desktop\PS1 SCRIPTS\DevToolsInstaller\src\Parts\..\\Logs\runtime_errors_2025-12-06.log
2025-12-06 16:22:29 [INFO] Error capture enabled. Transcript: C:\Users\S P A R O\Desktop\PS1 SCRIPTS\DevToolsInstaller\src\Parts\..\\Logs\runtime_errors_2025-12-06.log
2025-12-06 16:25:17 [INFO] Error capture enabled. Transcript: C:\Users\S P A R O\Desktop\PS1 SCRIPTS\DevToolsInstaller\src\Parts\..\\Logs\runtime_errors_2025-12-06.log
2025-12-06 16:28:27 [INFO] Error capture enabled. Transcript: C:\Users\S P A R O\Desktop\PS1 SCRIPTS\DevToolsInstaller\src\Parts\..\\Logs\runtime_errors_2025-12-06.log
2025-12-06 16:32:08 [INFO] Error capture enabled. Transcript: C:\Users\S P A R O\Desktop\PS1 SCRIPTS\DevToolsInstaller\src\Parts\..\\Logs\runtime_errors_2025-12-06.log
2025-12-06 16:32:16 [ERROR] Unhandled error: You cannot call a method on a null-valued expression.
2025-12-06 16:39:29 [INFO] Error capture enabled. Transcript: C:\Users\S P A R O\Desktop\PS1 SCRIPTS\DevToolsInstaller\src\Parts\..\\Logs\runtime_errors_2025-12-06.log
2025-12-06 16:40:03 [INFO] Error capture enabled. Transcript: C:\Users\S P A R O\Desktop\PS1 SCRIPTS\DevToolsInstaller\src\Parts\..\\Logs\runtime_errors_2025-12-06.log
2025-12-06 16:40:09 [ERROR] Unhandled error: You cannot call a method on a null-valued expression.
2025-12-06 16:42:24 [INFO] Error capture enabled. Transcript: C:\Users\S P A R O\Desktop\PS1 SCRIPTS\DevToolsInstaller\src\Parts\..\\Logs\runtime_errors_2025-12-06.log
2025-12-06 16:42:47 [ERROR] Unhandled error: You cannot call a method on a null-valued expression.
2025-12-06 16:45:05 [INFO] Error capture enabled. Transcript: C:\Users\S P A R O\Desktop\PS1 SCRIPTS\DevToolsInstaller\src\Parts\..\\Logs\runtime_errors_2025-12-06.log
2025-12-06 16:45:11 [ERROR] Unhandled error: You cannot call a method on a null-valued expression.
2025-12-06 16:48:42 [INFO] Error capture enabled. Transcript: C:\Users\S P A R O\Desktop\PS1 SCRIPTS\DevToolsInstaller\src\Parts\..\\Logs\runtime_errors_2025-12-06.log
2025-12-06 16:49:00 [INFO] Error capture enabled. Transcript: C:\Users\S P A R O\Desktop\PS1 SCRIPTS\DevToolsInstaller\src\Parts\..\\Logs\runtime_errors_2025-12-06.log
2025-12-06 16:53:17 [INFO] Error capture enabled. Transcript: C:\Users\S P A R O\Desktop\PS1 SCRIPTS\DevToolsInstaller\src\Parts\..\\Logs\runtime_errors_2025-12-06.log
2025-12-06 16:54:47 [INFO] Error capture enabled. Transcript: C:\Users\S P A R O\Desktop\PS1 SCRIPTS\DevToolsInstaller\src\Parts\..\\Logs\runtime_errors_2025-12-06.log
2025-12-06 16:55:11 [INFO] Error capture enabled. Transcript: C:\Users\S P A R O\Desktop\PS1 SCRIPTS\DevToolsInstaller\src\Parts\..\\Logs\runtime_errors_2025-12-06.log
2025-12-06 17:05:33 [INFO] Error capture enabled. Transcript: C:\Users\S P A R O\Desktop\PS1 SCRIPTS\DevToolsInstaller\src\Parts\..\\Logs\runtime_errors_2025-12-06.log
2025-12-06 17:05:47 [INFO] Installing terraform via Chocolatey
2025-12-06 17:05:47 [INFO] Running: choco install terraform -y --no-progress --limit-output 
2025-12-06 17:05:56 [INFO] Chocolatey exit code for terraform : 0
2025-12-06 17:05:58 [SUCCESS] terraform verified in lib folder (found: terraform)
2025-12-06 17:05:58 [SUCCESS] terraform installed successfully via Chocolatey
2025-12-06 17:05:58 [INFO] Installing kubernetes-helm via Chocolatey
2025-12-06 17:05:58 [INFO] Running: choco install kubernetes-helm -y --no-progress --limit-output 
2025-12-06 17:06:07 [INFO] Chocolatey exit code for kubernetes-helm : 0
2025-12-06 17:06:09 [SUCCESS] kubernetes-helm verified in lib folder (found: kubernetes-helm)
2025-12-06 17:06:09 [SUCCESS] kubernetes-helm installed successfully via Chocolatey
2025-12-06 17:06:09 [INFO] Installing golang via Chocolatey
2025-12-06 17:06:09 [INFO] Running: choco install golang -y --no-progress --limit-output 
2025-12-06 17:06:57 [INFO] Chocolatey exit code for golang : 0
2025-12-06 17:06:59 [SUCCESS] golang verified in lib folder (found: golang)
2025-12-06 17:06:59 [SUCCESS] golang installed successfully via Chocolatey
2025-12-06 17:06:59 [INFO] Installing rust via Chocolatey
2025-12-06 17:06:59 [INFO] Running: choco install rust -y --no-progress --limit-output 
2025-12-06 17:08:20 [INFO] Chocolatey exit code for rust : 0
2025-12-06 17:08:22 [SUCCESS] rust verified in lib folder (found: rust)
2025-12-06 17:08:22 [SUCCESS] rust installed successfully via Chocolatey
2025-12-06 17:08:22 [INFO] Installing openjdk via Chocolatey
2025-12-06 17:08:22 [INFO] Running: choco install openjdk -y --no-progress --limit-output 
2025-12-06 17:08:52 [INFO] Chocolatey exit code for openjdk : 0
2025-12-06 17:08:54 [SUCCESS] openjdk verified in lib folder (found: openjdk)
2025-12-06 17:08:54 [SUCCESS] openjdk installed successfully via Chocolatey
2025-12-06 17:08:54 [INFO] Installing maven via Chocolatey
2025-12-06 17:08:54 [INFO] Running: choco install maven -y --no-progress --limit-output 
2025-12-06 17:09:03 [INFO] Chocolatey exit code for maven : 0
2025-12-06 17:09:05 [SUCCESS] maven verified in lib folder (found: maven)
2025-12-06 17:09:05 [SUCCESS] maven installed successfully via Chocolatey
2025-12-06 17:09:05 [INFO] Installing gradle via Chocolatey
2025-12-06 17:09:05 [INFO] Running: choco install gradle -y --no-progress --limit-output 
2025-12-06 17:15:42 [INFO] Chocolatey exit code for gradle : 0
2025-12-06 17:15:44 [SUCCESS] gradle verified in lib folder (found: gradle)
2025-12-06 17:15:44 [SUCCESS] gradle installed successfully via Chocolatey
2025-12-06 17:15:44 [INFO] Installing ruby via Chocolatey
2025-12-06 17:15:44 [INFO] Running: choco install ruby -y --no-progress --limit-output 
2025-12-06 17:16:20 [INFO] Chocolatey exit code for ruby : 0
2025-12-06 17:16:22 [SUCCESS] ruby verified in lib folder (found: ruby)
2025-12-06 17:16:22 [SUCCESS] ruby installed successfully via Chocolatey
2025-12-06 17:27:41 [INFO] Error capture enabled. Transcript: C:\Users\S P A R O\Desktop\PS1 SCRIPTS\DevToolsInstaller\src\Parts\..\\Logs\runtime_errors_2025-12-06.log
2025-12-06 17:32:40 [INFO] Error capture enabled. Transcript: C:\Users\S P A R O\Desktop\PS1 SCRIPTS\DevToolsInstaller\src\Parts\..\\Logs\runtime_errors_2025-12-06.log
2025-12-06 17:34:35 [INFO] Postman is not installed. Skipping uninstall.
2025-12-06 17:34:35 [INFO] Chrome is not installed. Skipping uninstall.
2025-12-06 17:34:35 [INFO] GitHubCLI is not installed. Skipping uninstall.
2025-12-06 17:34:35 [INFO] MySQLWorkbench is not installed. Skipping uninstall.
2025-12-06 17:34:35 [INFO] MongoDBCompass is not installed. Skipping uninstall.
2025-12-06 17:34:35 [INFO] DBeaver is not installed. Skipping uninstall.
2025-12-06 17:34:35 [INFO] PgAdmin is not installed. Skipping uninstall.
2025-12-06 17:34:35 [INFO] Redis is not installed. Skipping uninstall.
2025-12-06 17:34:35 [INFO] IntelliJ is not installed. Skipping uninstall.
2025-12-06 17:34:35 [INFO] PyCharm is not installed. Skipping uninstall.
2025-12-06 17:34:35 [INFO] AndroidStudio is not installed. Skipping uninstall.
2025-12-06 17:34:35 [INFO] Sublime is not installed. Skipping uninstall.
2025-12-06 17:34:35 [INFO] NotepadPP is not installed. Skipping uninstall.
2025-12-06 17:34:35 [INFO] Slack is not installed. Skipping uninstall.
2025-12-06 17:34:35 [INFO] Insomnia is not installed. Skipping uninstall.
2025-12-06 17:34:35 [INFO] Skipping not installed: Postman, Chrome, GitHubCLI, MySQLWorkbench, MongoDBCompass, DBeaver, PgAdmin, Redis, IntelliJ, PyCharm, AndroidStudio, Sublime, NotepadPP, Slack, Insomnia
2025-12-06 17:34:42 [INFO] Uninstalling docker-desktop via Chocolatey
2025-12-06 17:34:42 [INFO] Found docker-desktop at: C:\Apps\Chocolatey\lib\docker-desktop
2025-12-06 17:34:42 [INFO] Running: choco uninstall docker-desktop -y --no-progress
2025-12-06 17:35:29 [INFO] Chocolatey uninstall exit code for docker-desktop : 0
2025-12-06 17:35:31 [SUCCESS] docker-desktop uninstalled successfully via Chocolatey
2025-12-06 17:35:31 [SUCCESS] Docker uninstalled successfully
2025-12-06 17:35:32 [INFO] Uninstalling 7zip via Chocolatey
2025-12-06 17:35:32 [INFO] Found 7zip at: C:\Apps\Chocolatey\lib\7zip
2025-12-06 17:35:32 [INFO] Running: choco uninstall 7zip -y --no-progress
2025-12-06 17:35:44 [INFO] Chocolatey uninstall exit code for 7zip : 0
2025-12-06 17:35:46 [SUCCESS] 7zip uninstalled successfully via Chocolatey
2025-12-06 17:35:46 [SUCCESS] 7Zip uninstalled successfully
2025-12-06 17:35:46 [INFO] Uninstalling azure-cli via Chocolatey
2025-12-06 17:35:46 [INFO] Found azure-cli at: C:\Apps\Chocolatey\lib\azure-cli
2025-12-06 17:35:46 [INFO] Running: choco uninstall azure-cli -y --no-progress
2025-12-06 17:36:46 [INFO] Chocolatey uninstall exit code for azure-cli : 0
2025-12-06 17:36:48 [SUCCESS] azure-cli uninstalled successfully via Chocolatey
2025-12-06 17:36:48 [SUCCESS] AzureCLI uninstalled successfully
2025-12-06 17:36:48 [INFO] Uninstalling awscli via Chocolatey
2025-12-06 17:36:48 [INFO] Found awscli at: C:\Apps\Chocolatey\lib\awscli
2025-12-06 17:36:48 [INFO] Running: choco uninstall awscli -y --no-progress
2025-12-06 17:37:27 [INFO] Chocolatey uninstall exit code for awscli : 0
2025-12-06 17:37:29 [SUCCESS] awscli uninstalled successfully via Chocolatey
2025-12-06 17:37:30 [SUCCESS] AWSCLI uninstalled successfully
2025-12-06 17:37:30 [INFO] Uninstalling terraform via Chocolatey
2025-12-06 17:37:30 [INFO] Found terraform at: C:\Apps\Chocolatey\lib\terraform
2025-12-06 17:37:30 [INFO] Running: choco uninstall terraform -y --no-progress
2025-12-06 17:37:36 [INFO] Chocolatey uninstall exit code for terraform : 0
2025-12-06 17:37:38 [SUCCESS] terraform uninstalled successfully via Chocolatey
2025-12-06 17:37:39 [SUCCESS] Terraform uninstalled successfully
2025-12-06 17:37:39 [INFO] Uninstalling kubernetes-cli via Chocolatey
2025-12-06 17:37:39 [INFO] kubernetes-cli is not installed via Chocolatey. Nothing to uninstall.
2025-12-06 17:37:39 [SUCCESS] Kubectl uninstalled successfully
2025-12-06 17:37:39 [INFO] Uninstalling github-desktop via Chocolatey
2025-12-06 17:37:40 [INFO] Found github-desktop at: C:\Apps\Chocolatey\lib\github-desktop
2025-12-06 17:37:40 [INFO] Running: choco uninstall github-desktop -y --no-progress
2025-12-06 17:37:50 [INFO] Chocolatey uninstall exit code for github-desktop : 0
2025-12-06 17:37:52 [SUCCESS] github-desktop uninstalled successfully via Chocolatey
2025-12-06 17:37:52 [SUCCESS] GitHubDesktop uninstalled successfully
2025-12-06 17:37:52 [INFO] Uninstalling microsoft-windows-terminal via Chocolatey
2025-12-06 17:37:52 [INFO] microsoft-windows-terminal is not installed via Chocolatey. Nothing to uninstall.
2025-12-06 17:37:52 [SUCCESS] WindowsTerminal uninstalled successfully
2025-12-06 17:37:53 [INFO] Uninstalling powertoys via Chocolatey
2025-12-06 17:37:53 [INFO] Found powertoys at: C:\Apps\Chocolatey\lib\powertoys
2025-12-06 17:37:53 [INFO] Running: choco uninstall powertoys -y --no-progress
2025-12-06 17:43:54 [INFO] Chocolatey uninstall exit code for powertoys : 0
2025-12-06 17:43:56 [SUCCESS] powertoys uninstalled successfully via Chocolatey
2025-12-06 17:43:56 [SUCCESS] PowerToys uninstalled successfully
2025-12-06 17:44:47 [INFO] Error capture enabled. Transcript: C:\Users\S P A R O\Desktop\PS1 SCRIPTS\DevToolsInstaller\src\Parts\..\\Logs\runtime_errors_2025-12-06.log
2025-12-06 17:45:16 [INFO] Updating anydesk.portable via Chocolatey
2025-12-06 17:45:32 [SUCCESS] anydesk.portable upgraded successfully via Chocolatey
2025-12-06 17:45:32 [INFO] Updating chocolatey via Chocolatey
2025-12-06 17:45:45 [SUCCESS] chocolatey upgraded successfully via Chocolatey
2025-12-06 17:45:45 [INFO] Updating postgresql18 via Chocolatey
2025-12-06 17:49:09 [INFO] Error capture enabled. Transcript: C:\Users\S P A R O\Desktop\PS1 SCRIPTS\DevToolsInstaller\src\Parts\..\\Logs\runtime_errors_2025-12-06.log
2025-12-06 18:01:26 [INFO] Error capture enabled. Transcript: C:\Users\S P A R O\Desktop\PS1 SCRIPTS\DevToolsInstaller\src\Parts\..\\Logs\runtime_errors_2025-12-06.log
2025-12-06 18:01:58 [ERROR] Unhandled error: You cannot call a method on a null-valued expression.
2025-12-06 18:34:37 [INFO] Error capture enabled. Transcript: C:\Users\S P A R O\Desktop\PS1 SCRIPTS\DevToolsInstaller\src\Parts\..\\Logs\runtime_errors_2025-12-06.log
