**********************
Windows PowerShell transcript start
Start time: 20251206141731
Username: SPARO\S P A R O
RunAs User: SPARO\S P A R O
Configuration Name: 
Machine: SPARO (Microsoft Windows NT 10.0.26200.0)
Host Application: C:\WINDOWS\System32\WindowsPowerShell\v1.0\powershell.exe -ExecutionPolicy Bypass -File C:\Users\S P A R O\Desktop\PS1 SCRIPTS\DevToolsInstaller\src\\DevToolsInstaller.ps1
Process ID: 10076
PSVersion: 5.1.26100.7019
PSEdition: Desktop
PSCompatibleVersions: 1.0, 2.0, 3.0, 4.0, 5.0, 5.1.26100.7019
BuildVersion: 10.0.26100.7019
CLRVersion: 4.0.30319.42000
WSManStackVersion: 3.0
PSRemotingProtocolVersion: 2.3
SerializationVersion: 1.1.0.1
**********************
[INFO] Error capture enabled. Transcript: C:\Users\S P A R O\Desktop\PS1 SCRIPTS\DevToolsInstaller\src\Parts\..\\Logs\runtime_errors_2025-12-06.log
========================================
Development Tools Installer V2.0
Created by SPARO c 2025
========================================

✅ Sidebar Navigation + Profiles
✅ Health Dashboard & Reports
✅ Update Center (Chocolatey)
✅ Saved Settings + Theme
✅ 34 Development Tools + 22 VS Code Extensions

🚀 Opening GUI...
**********************
Windows PowerShell transcript start
Start time: 20251206142318
Username: SPARO\S P A R O
RunAs User: SPARO\S P A R O
Configuration Name: 
Machine: SPARO (Microsoft Windows NT 10.0.26200.0)
Host Application: C:\WINDOWS\System32\WindowsPowerShell\v1.0\powershell.exe -ExecutionPolicy Bypass -File C:\Users\S P A R O\Desktop\PS1 SCRIPTS\DevToolsInstaller\src\\DevToolsInstaller.ps1
Process ID: 16408
PSVersion: 5.1.26100.7019
PSEdition: Desktop
PSCompatibleVersions: 1.0, 2.0, 3.0, 4.0, 5.0, 5.1.26100.7019
BuildVersion: 10.0.26100.7019
CLRVersion: 4.0.30319.42000
WSManStackVersion: 3.0
PSRemotingProtocolVersion: 2.3
SerializationVersion: 1.1.0.1
**********************
[INFO] Error capture enabled. Transcript: C:\Users\S P A R O\Desktop\PS1 SCRIPTS\DevToolsInstaller\src\Parts\..\\Logs\runtime_errors_2025-12-06.log
========================================
Development Tools Installer V2.0
Created by SPARO c 2025
========================================

✅ Sidebar Navigation + Profiles
✅ Health Dashboard & Reports
✅ Update Center (Chocolatey)
✅ Saved Settings + Theme
✅ 34 Development Tools + 22 VS Code Extensions

🚀 Opening GUI...
**********************
Windows PowerShell transcript start
Start time: 20251206142347
Username: SPARO\S P A R O
RunAs User: SPARO\S P A R O
Configuration Name: 
Machine: SPARO (Microsoft Windows NT 10.0.26200.0)
Host Application: C:\WINDOWS\System32\WindowsPowerShell\v1.0\powershell.exe -ExecutionPolicy Bypass -File C:\Users\S P A R O\Desktop\PS1 SCRIPTS\DevToolsInstaller\src\\DevToolsInstaller.ps1
Process ID: 28168
PSVersion: 5.1.26100.7019
PSEdition: Desktop
PSCompatibleVersions: 1.0, 2.0, 3.0, 4.0, 5.0, 5.1.26100.7019
BuildVersion: 10.0.26100.7019
CLRVersion: 4.0.30319.42000
WSManStackVersion: 3.0
PSRemotingProtocolVersion: 2.3
SerializationVersion: 1.1.0.1
**********************
[INFO] Error capture enabled. Transcript: C:\Users\S P A R O\Desktop\PS1 SCRIPTS\DevToolsInstaller\src\Parts\..\\Logs\runtime_errors_2025-12-06.log
========================================
Development Tools Installer V2.0
Created by SPARO c 2025
========================================

✅ Sidebar Navigation + Profiles
✅ Health Dashboard & Reports
✅ Update Center (Chocolatey)
✅ Saved Settings + Theme
✅ 34 Development Tools + 22 VS Code Extensions

🚀 Opening GUI...
**********************
Windows PowerShell transcript start
Start time: 20251206142752
Username: SPARO\S P A R O
RunAs User: SPARO\S P A R O
Configuration Name: 
Machine: SPARO (Microsoft Windows NT 10.0.26200.0)
Host Application: C:\WINDOWS\System32\WindowsPowerShell\v1.0\powershell.exe -ExecutionPolicy Bypass -File C:\Users\S P A R O\Desktop\PS1 SCRIPTS\DevToolsInstaller\src\\DevToolsInstaller.ps1
Process ID: 6788
PSVersion: 5.1.26100.7019
PSEdition: Desktop
PSCompatibleVersions: 1.0, 2.0, 3.0, 4.0, 5.0, 5.1.26100.7019
BuildVersion: 10.0.26100.7019
CLRVersion: 4.0.30319.42000
WSManStackVersion: 3.0
PSRemotingProtocolVersion: 2.3
SerializationVersion: 1.1.0.1
**********************
[INFO] Error capture enabled. Transcript: C:\Users\S P A R O\Desktop\PS1 SCRIPTS\DevToolsInstaller\src\Parts\..\\Logs\runtime_errors_2025-12-06.log
========================================
Development Tools Installer V2.0
Created by SPARO c 2025
========================================

✅ Sidebar Navigation + Profiles
✅ Health Dashboard & Reports
✅ Update Center (Chocolatey)
✅ Saved Settings + Theme
✅ 34 Development Tools + 22 VS Code Extensions

🚀 Opening GUI...
[SUCCESS] Docker uninstall completed (UI confirmation)
**********************
Windows PowerShell transcript start
Start time: 20251206143024
Username: SPARO\S P A R O
RunAs User: SPARO\S P A R O
Configuration Name: 
Machine: SPARO (Microsoft Windows NT 10.0.26200.0)
Host Application: C:\WINDOWS\System32\WindowsPowerShell\v1.0\powershell.exe -ExecutionPolicy Bypass -File C:\Users\S P A R O\Desktop\PS1 SCRIPTS\DevToolsInstaller\src\\DevToolsInstaller.ps1
Process ID: 22360
PSVersion: 5.1.26100.7019
PSEdition: Desktop
PSCompatibleVersions: 1.0, 2.0, 3.0, 4.0, 5.0, 5.1.26100.7019
BuildVersion: 10.0.26100.7019
CLRVersion: 4.0.30319.42000
WSManStackVersion: 3.0
PSRemotingProtocolVersion: 2.3
SerializationVersion: 1.1.0.1
**********************
[INFO] Error capture enabled. Transcript: C:\Users\S P A R O\Desktop\PS1 SCRIPTS\DevToolsInstaller\src\Parts\..\\Logs\runtime_errors_2025-12-06.log
========================================
Development Tools Installer V2.0
Created by SPARO c 2025
========================================

✅ Sidebar Navigation + Profiles
✅ Health Dashboard & Reports
✅ Update Center (Chocolatey)
✅ Saved Settings + Theme
✅ 34 Development Tools + 22 VS Code Extensions

🚀 Opening GUI...
[SUCCESS] Chrome uninstall completed (UI confirmation)
[SUCCESS] NotepadPP uninstall completed (UI confirmation)
[SUCCESS] Slack verified as installed.

[SUCCESS] All tools installed successfully!
[SUCCESS] Slack uninstall completed (UI confirmation)
[INFO] Chocolatey already installed. Skipping profile reinstall.
[INFO] XAMPP already installed. Skipping profile reinstall.
[INFO] Composer already installed. Skipping profile reinstall.
[INFO] Laravel already installed. Skipping profile reinstall.
[INFO] VSCode already installed. Skipping profile reinstall.
[INFO] Git already installed. Skipping profile reinstall.
[INFO] GitHubDesktop already installed. Skipping profile reinstall.
[INFO] Skipped 7 already-installed tools from PHP profile.
True
[SUCCESS] Postman verified as installed.

[SUCCESS] PHP profile installed successfully!
[INFO] Python already installed. Skipping profile reinstall.
[INFO] VSCode already installed. Skipping profile reinstall.
[INFO] Git already installed. Skipping profile reinstall.
[INFO] AWSCLI already installed. Skipping profile reinstall.
[INFO] Skipped 4 already-installed tools from Python profile.
True
True
True
[SUCCESS] Docker verified as installed.
[SUCCESS] Chrome verified as installed.
[SUCCESS] AzureCLI verified as installed.

[SUCCESS] Python profile installed successfully!
**********************
Windows PowerShell transcript start
Start time: 20251206143838
Username: SPARO\S P A R O
RunAs User: SPARO\S P A R O
Configuration Name: 
Machine: SPARO (Microsoft Windows NT 10.0.26200.0)
Host Application: C:\WINDOWS\System32\WindowsPowerShell\v1.0\powershell.exe -ExecutionPolicy Bypass -File C:\Users\S P A R O\Desktop\PS1 SCRIPTS\DevToolsInstaller\src\\DevToolsInstaller.ps1
Process ID: 22548
PSVersion: 5.1.26100.7019
PSEdition: Desktop
PSCompatibleVersions: 1.0, 2.0, 3.0, 4.0, 5.0, 5.1.26100.7019
BuildVersion: 10.0.26100.7019
CLRVersion: 4.0.30319.42000
WSManStackVersion: 3.0
PSRemotingProtocolVersion: 2.3
SerializationVersion: 1.1.0.1
**********************
[INFO] Error capture enabled. Transcript: C:\Users\S P A R O\Desktop\PS1 SCRIPTS\DevToolsInstaller\src\Parts\..\\Logs\runtime_errors_2025-12-06.log
========================================
Development Tools Installer V2.0
Created by SPARO c 2025
========================================

✅ Sidebar Navigation + Profiles
✅ Health Dashboard & Reports
✅ Update Center (Chocolatey)
✅ Saved Settings + Theme
✅ 34 Development Tools + 22 VS Code Extensions

🚀 Opening GUI...
**********************
Windows PowerShell transcript start
Start time: 20251206144249
Username: SPARO\S P A R O
RunAs User: SPARO\S P A R O
Configuration Name: 
Machine: SPARO (Microsoft Windows NT 10.0.26200.0)
Host Application: C:\WINDOWS\System32\WindowsPowerShell\v1.0\powershell.exe -ExecutionPolicy Bypass -WindowStyle Hidden -File C:\Users\S P A R O\Desktop\PS1 SCRIPTS\DevToolsInstaller\src\DevToolsInstaller.ps1
Process ID: 36244
PSVersion: 5.1.26100.7019
PSEdition: Desktop
PSCompatibleVersions: 1.0, 2.0, 3.0, 4.0, 5.0, 5.1.26100.7019
BuildVersion: 10.0.26100.7019
CLRVersion: 4.0.30319.42000
WSManStackVersion: 3.0
PSRemotingProtocolVersion: 2.3
SerializationVersion: 1.1.0.1
**********************
[INFO] Error capture enabled. Transcript: C:\Users\S P A R O\Desktop\PS1 SCRIPTS\DevToolsInstaller\src\Parts\..\\Logs\runtime_errors_2025-12-06.log
========================================
Development Tools Installer V2.0
Created by SPARO c 2025
========================================

✅ Sidebar Navigation + Profiles
✅ Health Dashboard & Reports
✅ Update Center (Chocolatey)
✅ Saved Settings + Theme
✅ 34 Development Tools + 22 VS Code Extensions

🚀 Opening GUI...
**********************
Windows PowerShell transcript end
End time: 20251206144448
**********************
**********************
Windows PowerShell transcript start
Start time: 20251206144452
Username: SPARO\S P A R O
RunAs User: SPARO\S P A R O
Configuration Name: 
Machine: SPARO (Microsoft Windows NT 10.0.26200.0)
Host Application: C:\WINDOWS\System32\WindowsPowerShell\v1.0\powershell.exe -ExecutionPolicy Bypass -File C:\Users\S P A R O\Desktop\PS1 SCRIPTS\DevToolsInstaller\src\DevToolsInstaller.ps1
Process ID: 34448
PSVersion: 5.1.26100.7019
PSEdition: Desktop
PSCompatibleVersions: 1.0, 2.0, 3.0, 4.0, 5.0, 5.1.26100.7019
BuildVersion: 10.0.26100.7019
CLRVersion: 4.0.30319.42000
WSManStackVersion: 3.0
PSRemotingProtocolVersion: 2.3
SerializationVersion: 1.1.0.1
**********************
[INFO] Error capture enabled. Transcript: C:\Users\S P A R O\Desktop\PS1 SCRIPTS\DevToolsInstaller\src\Parts\..\\Logs\runtime_errors_2025-12-06.log
========================================
Development Tools Installer V2.0
Created by SPARO c 2025
========================================

✅ Sidebar Navigation + Profiles
✅ Health Dashboard & Reports
✅ Update Center (Chocolatey)
✅ Saved Settings + Theme
✅ 34 Development Tools + 22 VS Code Extensions

🚀 Opening GUI...
**********************
Windows PowerShell transcript start
Start time: 20251206144808
Username: SPARO\S P A R O
RunAs User: SPARO\S P A R O
Configuration Name: 
Machine: SPARO (Microsoft Windows NT 10.0.26200.0)
Host Application: C:\WINDOWS\System32\WindowsPowerShell\v1.0\powershell.exe -ExecutionPolicy Bypass -File C:\Users\S P A R O\Desktop\PS1 SCRIPTS\DevToolsInstaller\src\DevToolsInstaller.ps1
Process ID: 36728
PSVersion: 5.1.26100.7019
PSEdition: Desktop
PSCompatibleVersions: 1.0, 2.0, 3.0, 4.0, 5.0, 5.1.26100.7019
BuildVersion: 10.0.26100.7019
CLRVersion: 4.0.30319.42000
WSManStackVersion: 3.0
PSRemotingProtocolVersion: 2.3
SerializationVersion: 1.1.0.1
**********************
[INFO] Error capture enabled. Transcript: C:\Users\S P A R O\Desktop\PS1 SCRIPTS\DevToolsInstaller\src\Parts\..\\Logs\runtime_errors_2025-12-06.log
========================================
Development Tools Installer V2.0
Created by SPARO c 2025
========================================

✅ Sidebar Navigation + Profiles
✅ Health Dashboard & Reports
✅ Update Center (Chocolatey)
✅ Saved Settings + Theme
✅ 34 Development Tools + 22 VS Code Extensions

🚀 Opening GUI...
[INFO] VSCode is already installed. Skipping installation.
[INFO] VSCode is already installed. Skipping installation.
[INFO] Skipping already installed: VSCode
[ERROR] React was not detected after installation finished.

[WARNING] Installation completed with failures for: React
[INFO] Total failed: 1
**********************
Windows PowerShell transcript start
Start time: 20251206145045
Username: SPARO\S P A R O
RunAs User: SPARO\S P A R O
Configuration Name: 
Machine: SPARO (Microsoft Windows NT 10.0.26200.0)
Host Application: C:\WINDOWS\System32\WindowsPowerShell\v1.0\powershell.exe -ExecutionPolicy Bypass -File C:\Users\S P A R O\Desktop\PS1 SCRIPTS\DevToolsInstaller\src\DevToolsInstaller.ps1
Process ID: 16308
PSVersion: 5.1.26100.7019
PSEdition: Desktop
PSCompatibleVersions: 1.0, 2.0, 3.0, 4.0, 5.0, 5.1.26100.7019
BuildVersion: 10.0.26100.7019
CLRVersion: 4.0.30319.42000
WSManStackVersion: 3.0
PSRemotingProtocolVersion: 2.3
SerializationVersion: 1.1.0.1
**********************
[INFO] Error capture enabled. Transcript: C:\Users\S P A R O\Desktop\PS1 SCRIPTS\DevToolsInstaller\src\Parts\..\\Logs\runtime_errors_2025-12-06.log
========================================
Development Tools Installer V2.0
Created by SPARO c 2025
========================================

✅ Sidebar Navigation + Profiles
✅ Health Dashboard & Reports
✅ Update Center (Chocolatey)
✅ Saved Settings + Theme
✅ 34 Development Tools + 22 VS Code Extensions

🚀 Opening GUI...
**********************
Windows PowerShell transcript start
Start time: 20251206145154
Username: SPARO\S P A R O
RunAs User: SPARO\S P A R O
Configuration Name: 
Machine: SPARO (Microsoft Windows NT 10.0.26200.0)
Host Application: C:\WINDOWS\System32\WindowsPowerShell\v1.0\powershell.exe -ExecutionPolicy Bypass -File C:\Users\S P A R O\Desktop\PS1 SCRIPTS\DevToolsInstaller\src\DevToolsInstaller.ps1
Process ID: 35032
PSVersion: 5.1.26100.7019
PSEdition: Desktop
PSCompatibleVersions: 1.0, 2.0, 3.0, 4.0, 5.0, 5.1.26100.7019
BuildVersion: 10.0.26100.7019
CLRVersion: 4.0.30319.42000
WSManStackVersion: 3.0
PSRemotingProtocolVersion: 2.3
SerializationVersion: 1.1.0.1
**********************
[INFO] Error capture enabled. Transcript: C:\Users\S P A R O\Desktop\PS1 SCRIPTS\DevToolsInstaller\src\Parts\..\\Logs\runtime_errors_2025-12-06.log
========================================
Development Tools Installer V2.0
Created by SPARO c 2025
========================================

✅ Sidebar Navigation + Profiles
✅ Health Dashboard & Reports
✅ Update Center (Chocolatey)
✅ Saved Settings + Theme
✅ 34 Development Tools + 22 VS Code Extensions

🚀 Opening GUI...
**********************
Windows PowerShell transcript start
Start time: 20251206145616
Username: SPARO\S P A R O
RunAs User: SPARO\S P A R O
Configuration Name: 
Machine: SPARO (Microsoft Windows NT 10.0.26200.0)
Host Application: C:\WINDOWS\System32\WindowsPowerShell\v1.0\powershell.exe -ExecutionPolicy Bypass -File C:\Users\S P A R O\Desktop\PS1 SCRIPTS\DevToolsInstaller\src\DevToolsInstaller.ps1
Process ID: 20496
PSVersion: 5.1.26100.7019
PSEdition: Desktop
PSCompatibleVersions: 1.0, 2.0, 3.0, 4.0, 5.0, 5.1.26100.7019
BuildVersion: 10.0.26100.7019
CLRVersion: 4.0.30319.42000
WSManStackVersion: 3.0
PSRemotingProtocolVersion: 2.3
SerializationVersion: 1.1.0.1
**********************
[INFO] Error capture enabled. Transcript: C:\Users\S P A R O\Desktop\PS1 SCRIPTS\DevToolsInstaller\src\Parts\..\\Logs\runtime_errors_2025-12-06.log
========================================
Development Tools Installer V2.0
Created by SPARO c 2025
========================================

✅ Sidebar Navigation + Profiles
✅ Health Dashboard & Reports
✅ Update Center (Chocolatey)
✅ Saved Settings + Theme
✅ 34 Development Tools + 22 VS Code Extensions

🚀 Opening GUI...
**********************
Windows PowerShell transcript end
End time: 20251206145640
**********************
**********************
Windows PowerShell transcript start
Start time: 20251206145939
Username: SPARO\S P A R O
RunAs User: SPARO\S P A R O
Configuration Name: 
Machine: SPARO (Microsoft Windows NT 10.0.26200.0)
Host Application: C:\WINDOWS\System32\WindowsPowerShell\v1.0\powershell.exe -ExecutionPolicy Bypass -File C:\Users\S P A R O\Desktop\PS1 SCRIPTS\DevToolsInstaller\src\DevToolsInstaller.ps1
Process ID: 30476
PSVersion: 5.1.26100.7019
PSEdition: Desktop
PSCompatibleVersions: 1.0, 2.0, 3.0, 4.0, 5.0, 5.1.26100.7019
BuildVersion: 10.0.26100.7019
CLRVersion: 4.0.30319.42000
WSManStackVersion: 3.0
PSRemotingProtocolVersion: 2.3
SerializationVersion: 1.1.0.1
**********************
[INFO] Error capture enabled. Transcript: C:\Users\S P A R O\Desktop\PS1 SCRIPTS\DevToolsInstaller\src\Parts\..\\Logs\runtime_errors_2025-12-06.log
========================================
Development Tools Installer V2.0
Created by SPARO c 2025
========================================

✅ Sidebar Navigation + Profiles
✅ Health Dashboard & Reports
✅ Update Center (Chocolatey)
✅ Saved Settings + Theme
✅ 34 Development Tools + 22 VS Code Extensions

🚀 Opening GUI...
[ERROR] React was not detected after installation finished.

[WARNING] Installation completed with failures for: React
[INFO] Total failed: 1
[SUCCESS] Postman uninstall completed (UI confirmation)
[SUCCESS] Chrome uninstall completed (UI confirmation)
[SUCCESS] 7Zip verified as installed.

[SUCCESS] All tools installed successfully!
**********************
Windows PowerShell transcript start
Start time: 20251206150553
Username: SPARO\S P A R O
RunAs User: SPARO\S P A R O
Configuration Name: 
Machine: SPARO (Microsoft Windows NT 10.0.26200.0)
Host Application: C:\WINDOWS\System32\WindowsPowerShell\v1.0\powershell.exe -ExecutionPolicy Bypass -File C:\Users\S P A R O\Desktop\PS1 SCRIPTS\DevToolsInstaller\src\DevToolsInstaller.ps1
Process ID: 9880
PSVersion: 5.1.26100.7019
PSEdition: Desktop
PSCompatibleVersions: 1.0, 2.0, 3.0, 4.0, 5.0, 5.1.26100.7019
BuildVersion: 10.0.26100.7019
CLRVersion: 4.0.30319.42000
WSManStackVersion: 3.0
PSRemotingProtocolVersion: 2.3
SerializationVersion: 1.1.0.1
**********************
[INFO] Error capture enabled. Transcript: C:\Users\S P A R O\Desktop\PS1 SCRIPTS\DevToolsInstaller\src\Parts\..\\Logs\runtime_errors_2025-12-06.log
========================================
Development Tools Installer V2.0
Created by SPARO c 2025
========================================

✅ Sidebar Navigation + Profiles
✅ Health Dashboard & Reports
✅ Update Center (Chocolatey)
✅ Saved Settings + Theme
✅ 34 Development Tools + 22 VS Code Extensions

🚀 Opening GUI...
[SUCCESS] 7Zip uninstall completed (UI confirmation)
[SUCCESS] 7Zip verified as installed.

[SUCCESS] All tools installed successfully!
[SUCCESS] 7Zip uninstall completed (UI confirmation)
[SUCCESS] NotepadPP verified as installed.

[SUCCESS] All tools installed successfully!
**********************
Windows PowerShell transcript end
End time: 20251206151220
**********************
**********************
Windows PowerShell transcript start
Start time: 20251206151225
Username: SPARO\S P A R O
RunAs User: SPARO\S P A R O
Configuration Name: 
Machine: SPARO (Microsoft Windows NT 10.0.26200.0)
Host Application: C:\WINDOWS\System32\WindowsPowerShell\v1.0\powershell.exe -ExecutionPolicy Bypass -File C:\Users\S P A R O\Desktop\PS1 SCRIPTS\DevToolsInstaller\src\DevToolsInstaller.ps1
Process ID: 17160
PSVersion: 5.1.26100.7019
PSEdition: Desktop
PSCompatibleVersions: 1.0, 2.0, 3.0, 4.0, 5.0, 5.1.26100.7019
BuildVersion: 10.0.26100.7019
CLRVersion: 4.0.30319.42000
WSManStackVersion: 3.0
PSRemotingProtocolVersion: 2.3
SerializationVersion: 1.1.0.1
**********************
[INFO] Error capture enabled. Transcript: C:\Users\S P A R O\Desktop\PS1 SCRIPTS\DevToolsInstaller\src\Parts\..\\Logs\runtime_errors_2025-12-06.log
========================================
Development Tools Installer V2.0
Created by SPARO c 2025
========================================

✅ Sidebar Navigation + Profiles
✅ Health Dashboard & Reports
✅ Update Center (Chocolatey)
✅ Saved Settings + Theme
✅ 34 Development Tools + 22 VS Code Extensions

🚀 Opening GUI...
[SUCCESS] 7Zip verified as installed.

[SUCCESS] All tools installed successfully!
**********************
Windows PowerShell transcript start
Start time: 20251206151531
Username: SPARO\S P A R O
RunAs User: SPARO\S P A R O
Configuration Name: 
Machine: SPARO (Microsoft Windows NT 10.0.26200.0)
Host Application: C:\WINDOWS\System32\WindowsPowerShell\v1.0\powershell.exe -ExecutionPolicy Bypass -File C:\Users\S P A R O\Desktop\PS1 SCRIPTS\DevToolsInstaller\src\DevToolsInstaller.ps1
Process ID: 34252
PSVersion: 5.1.26100.7019
PSEdition: Desktop
PSCompatibleVersions: 1.0, 2.0, 3.0, 4.0, 5.0, 5.1.26100.7019
BuildVersion: 10.0.26100.7019
CLRVersion: 4.0.30319.42000
WSManStackVersion: 3.0
PSRemotingProtocolVersion: 2.3
SerializationVersion: 1.1.0.1
**********************
[INFO] Error capture enabled. Transcript: C:\Users\S P A R O\Desktop\PS1 SCRIPTS\DevToolsInstaller\src\Parts\..\\Logs\runtime_errors_2025-12-06.log
========================================
Development Tools Installer V2.0
Created by SPARO c 2025
========================================

✅ Sidebar Navigation + Profiles
✅ Health Dashboard & Reports
✅ Update Center (Chocolatey)
✅ Saved Settings + Theme
✅ 34 Development Tools + 22 VS Code Extensions

🚀 Opening GUI...
[SUCCESS] 7Zip uninstall completed (UI confirmation)
[SUCCESS] 7Zip verified as installed.

[SUCCESS] All tools installed successfully!
[SUCCESS] 7Zip uninstall completed (UI confirmation)
[SUCCESS] 7Zip verified as installed.

[SUCCESS] All tools installed successfully!
[SUCCESS] 7Zip uninstall completed (UI confirmation)
[ERROR] React was not detected after installation finished.

[WARNING] Installation completed with failures for: React
[INFO] Total failed: 1
[SUCCESS] Redis verified as installed.

[SUCCESS] All tools installed successfully!
[SUCCESS] Redis uninstall completed (UI confirmation)
**********************
Windows PowerShell transcript start
Start time: 20251206152031
Username: SPARO\S P A R O
RunAs User: SPARO\S P A R O
Configuration Name: 
Machine: SPARO (Microsoft Windows NT 10.0.26200.0)
Host Application: C:\WINDOWS\System32\WindowsPowerShell\v1.0\powershell.exe -ExecutionPolicy Bypass -File C:\Users\S P A R O\Desktop\PS1 SCRIPTS\DevToolsInstaller\src\DevToolsInstaller.ps1
Process ID: 29220
PSVersion: 5.1.26100.7019
PSEdition: Desktop
PSCompatibleVersions: 1.0, 2.0, 3.0, 4.0, 5.0, 5.1.26100.7019
BuildVersion: 10.0.26100.7019
CLRVersion: 4.0.30319.42000
WSManStackVersion: 3.0
PSRemotingProtocolVersion: 2.3
SerializationVersion: 1.1.0.1
**********************
[INFO] Error capture enabled. Transcript: C:\Users\S P A R O\Desktop\PS1 SCRIPTS\DevToolsInstaller\src\Parts\..\\Logs\runtime_errors_2025-12-06.log
========================================
Development Tools Installer V2.0
Created by SPARO c 2025
========================================

✅ Sidebar Navigation + Profiles
✅ Health Dashboard & Reports
✅ Update Center (Chocolatey)
✅ Saved Settings + Theme
✅ 34 Development Tools + 22 VS Code Extensions

🚀 Opening GUI...
[SUCCESS] Terraform uninstall completed (UI confirmation)
[SUCCESS] NotepadPP uninstall completed (UI confirmation)
[SUCCESS] 7Zip verified as installed.

[SUCCESS] All tools installed successfully!
**********************
Windows PowerShell transcript end
End time: 20251206152836
**********************
**********************
Windows PowerShell transcript start
Start time: 20251206152841
Username: SPARO\S P A R O
RunAs User: SPARO\S P A R O
Configuration Name: 
Machine: SPARO (Microsoft Windows NT 10.0.26200.0)
Host Application: C:\WINDOWS\System32\WindowsPowerShell\v1.0\powershell.exe -ExecutionPolicy Bypass -File C:\Users\S P A R O\Desktop\PS1 SCRIPTS\DevToolsInstaller\src\DevToolsInstaller.ps1
Process ID: 10728
PSVersion: 5.1.26100.7019
PSEdition: Desktop
PSCompatibleVersions: 1.0, 2.0, 3.0, 4.0, 5.0, 5.1.26100.7019
BuildVersion: 10.0.26100.7019
CLRVersion: 4.0.30319.42000
WSManStackVersion: 3.0
PSRemotingProtocolVersion: 2.3
SerializationVersion: 1.1.0.1
**********************
[INFO] Error capture enabled. Transcript: C:\Users\S P A R O\Desktop\PS1 SCRIPTS\DevToolsInstaller\src\Parts\..\\Logs\runtime_errors_2025-12-06.log
========================================
Development Tools Installer V2.0
Created by SPARO c 2025
========================================

✅ Sidebar Navigation + Profiles
✅ Health Dashboard & Reports
✅ Update Center (Chocolatey)
✅ Saved Settings + Theme
✅ 34 Development Tools + 22 VS Code Extensions

🚀 Opening GUI...
[SUCCESS] 7Zip uninstall completed (UI confirmation)
[SUCCESS] 7Zip verified as installed.

[SUCCESS] All tools installed successfully!
[SUCCESS] 7Zip uninstall completed (UI confirmation)
**********************
Windows PowerShell transcript end
End time: 20251206153020
**********************
**********************
Windows PowerShell transcript start
Start time: 20251206153316
Username: SPARO\S P A R O
RunAs User: SPARO\S P A R O
Configuration Name: 
Machine: SPARO (Microsoft Windows NT 10.0.26200.0)
Host Application: C:\WINDOWS\System32\WindowsPowerShell\v1.0\powershell.exe -ExecutionPolicy Bypass -File C:\Users\S P A R O\Desktop\PS1 SCRIPTS\DevToolsInstaller\src\DevToolsInstaller.ps1
Process ID: 32436
PSVersion: 5.1.26100.7019
PSEdition: Desktop
PSCompatibleVersions: 1.0, 2.0, 3.0, 4.0, 5.0, 5.1.26100.7019
BuildVersion: 10.0.26100.7019
CLRVersion: 4.0.30319.42000
WSManStackVersion: 3.0
PSRemotingProtocolVersion: 2.3
SerializationVersion: 1.1.0.1
**********************
[INFO] Error capture enabled. Transcript: C:\Users\S P A R O\Desktop\PS1 SCRIPTS\DevToolsInstaller\src\Parts\..\\Logs\runtime_errors_2025-12-06.log
========================================
Development Tools Installer V2.0
Created by SPARO c 2025
========================================

✅ Sidebar Navigation + Profiles
✅ Health Dashboard & Reports
✅ Update Center (Chocolatey)
✅ Saved Settings + Theme
✅ 34 Development Tools + 22 VS Code Extensions

🚀 Opening GUI...
[SUCCESS] 7Zip verified as installed.

[SUCCESS] All tools installed successfully!
**********************
Windows PowerShell transcript start
Start time: 20251206154418
Username: SPARO\S P A R O
RunAs User: SPARO\S P A R O
Configuration Name: 
Machine: SPARO (Microsoft Windows NT 10.0.26200.0)
Host Application: C:\WINDOWS\System32\WindowsPowerShell\v1.0\powershell.exe -ExecutionPolicy Bypass -File C:\Users\S P A R O\Desktop\PS1 SCRIPTS\DevToolsInstaller\src\DevToolsInstaller.ps1
Process ID: 27288
PSVersion: 5.1.26100.7019
PSEdition: Desktop
PSCompatibleVersions: 1.0, 2.0, 3.0, 4.0, 5.0, 5.1.26100.7019
BuildVersion: 10.0.26100.7019
CLRVersion: 4.0.30319.42000
WSManStackVersion: 3.0
PSRemotingProtocolVersion: 2.3
SerializationVersion: 1.1.0.1
**********************
[INFO] Error capture enabled. Transcript: C:\Users\S P A R O\Desktop\PS1 SCRIPTS\DevToolsInstaller\src\Parts\..\\Logs\runtime_errors_2025-12-06.log
PS>TerminatingError(): "At C:\Users\S P A R O\Desktop\PS1 SCRIPTS\DevToolsInstaller\src\Parts\Navigation.Routing.ps1:212 char:1
+ }
+ ~
Unexpected token '}' in expression or statement."
[ERROR] Unhandled error: At C:\Users\S P A R O\Desktop\PS1 SCRIPTS\DevToolsInstaller\src\Parts\Navigation.Routing.ps1:212 char:1
+ }
+ ~
Unexpected token '}' in expression or statement.
PS>TerminatingError(): "The term 'Load-Page' is not recognized as the name of a cmdlet, function, script file, or operable program. Check the spelling of the name, or if a path was included, verify that the path is correct and try again."
[ERROR] Unhandled error: The term 'Load-Page' is not recognized as the name of a cmdlet, function, script file, or operable program. Check the spelling of the name, or if a path was included, verify that the path is correct and try again.
[ERROR] Unhandled error: The term 'Load-Page' is not recognized as the name of a cmdlet, function, script file, or operable program. Check the spelling of the name, or if a path was included, verify that the path is correct and try again.
========================================
Development Tools Installer V2.0
Created by SPARO c 2025
========================================

✅ Sidebar Navigation + Profiles
✅ Health Dashboard & Reports
✅ Update Center (Chocolatey)
✅ Saved Settings + Theme
✅ 34 Development Tools + 22 VS Code Extensions

🚀 Opening GUI...
**********************
Windows PowerShell transcript start
Start time: 20251206154540
Username: SPARO\S P A R O
RunAs User: SPARO\S P A R O
Configuration Name: 
Machine: SPARO (Microsoft Windows NT 10.0.26200.0)
Host Application: C:\WINDOWS\System32\WindowsPowerShell\v1.0\powershell.exe -ExecutionPolicy Bypass -File C:\Users\S P A R O\Desktop\PS1 SCRIPTS\DevToolsInstaller\src\DevToolsInstaller.ps1
Process ID: 8132
PSVersion: 5.1.26100.7019
PSEdition: Desktop
PSCompatibleVersions: 1.0, 2.0, 3.0, 4.0, 5.0, 5.1.26100.7019
BuildVersion: 10.0.26100.7019
CLRVersion: 4.0.30319.42000
WSManStackVersion: 3.0
PSRemotingProtocolVersion: 2.3
SerializationVersion: 1.1.0.1
**********************
[INFO] Error capture enabled. Transcript: C:\Users\S P A R O\Desktop\PS1 SCRIPTS\DevToolsInstaller\src\Parts\..\\Logs\runtime_errors_2025-12-06.log
========================================
Development Tools Installer V2.0
Created by SPARO c 2025
========================================

✅ Sidebar Navigation + Profiles
✅ Health Dashboard & Reports
✅ Update Center (Chocolatey)
✅ Saved Settings + Theme
✅ 34 Development Tools + 22 VS Code Extensions

🚀 Opening GUI...
INFO: 
=== Uninstalling VS Code Extensions ===
INFO: No extensions specified for uninstall
INFO: 
=== Uninstalling VS Code Extensions ===
INFO: No extensions specified for uninstall
**********************
Windows PowerShell transcript end
End time: 20251206161820
**********************
**********************
Windows PowerShell transcript start
Start time: 20251206161825
Username: SPARO\S P A R O
RunAs User: SPARO\S P A R O
Configuration Name: 
Machine: SPARO (Microsoft Windows NT 10.0.26200.0)
Host Application: C:\WINDOWS\System32\WindowsPowerShell\v1.0\powershell.exe -ExecutionPolicy Bypass -File C:\Users\S P A R O\Desktop\PS1 SCRIPTS\DevToolsInstaller\src\DevToolsInstaller.ps1
Process ID: 10904
PSVersion: 5.1.26100.7019
PSEdition: Desktop
PSCompatibleVersions: 1.0, 2.0, 3.0, 4.0, 5.0, 5.1.26100.7019
BuildVersion: 10.0.26100.7019
CLRVersion: 4.0.30319.42000
WSManStackVersion: 3.0
PSRemotingProtocolVersion: 2.3
SerializationVersion: 1.1.0.1
**********************
[INFO] Error capture enabled. Transcript: C:\Users\S P A R O\Desktop\PS1 SCRIPTS\DevToolsInstaller\src\Parts\..\\Logs\runtime_errors_2025-12-06.log
========================================
Development Tools Installer V2.0
Created by SPARO c 2025
========================================

✅ Sidebar Navigation + Profiles
✅ Health Dashboard & Reports
✅ Update Center (Chocolatey)
✅ Saved Settings + Theme
✅ 34 Development Tools + 22 VS Code Extensions

🚀 Opening GUI...
**********************
Windows PowerShell transcript start
Start time: 20251206162229
Username: SPARO\S P A R O
RunAs User: SPARO\S P A R O
Configuration Name: 
Machine: SPARO (Microsoft Windows NT 10.0.26200.0)
Host Application: C:\WINDOWS\System32\WindowsPowerShell\v1.0\powershell.exe -ExecutionPolicy Bypass -File C:\Users\S P A R O\Desktop\PS1 SCRIPTS\DevToolsInstaller\src\DevToolsInstaller.ps1
Process ID: 4808
PSVersion: 5.1.26100.7019
PSEdition: Desktop
PSCompatibleVersions: 1.0, 2.0, 3.0, 4.0, 5.0, 5.1.26100.7019
BuildVersion: 10.0.26100.7019
CLRVersion: 4.0.30319.42000
WSManStackVersion: 3.0
PSRemotingProtocolVersion: 2.3
SerializationVersion: 1.1.0.1
**********************
[INFO] Error capture enabled. Transcript: C:\Users\S P A R O\Desktop\PS1 SCRIPTS\DevToolsInstaller\src\Parts\..\\Logs\runtime_errors_2025-12-06.log
========================================
Development Tools Installer V2.0
Created by SPARO c 2025
========================================

✅ Sidebar Navigation + Profiles
✅ Health Dashboard & Reports
✅ Update Center (Chocolatey)
✅ Saved Settings + Theme
✅ 34 Development Tools + 22 VS Code Extensions

🚀 Opening GUI...
INFO: 
=== Installing VS Code Extensions ===
INFO: Installing extension: abusaidm.html-snippets
INFO: 
=== Uninstalling VS Code Extensions ===
INFO: Uninstalling extension: ms-python.vscode-pylance
INFO: 
=== Uninstalling VS Code Extensions ===
INFO: Uninstalling extension: msjsdiag.vscode-react-native
**********************
Windows PowerShell transcript start
Start time: 20251206162517
Username: SPARO\S P A R O
RunAs User: SPARO\S P A R O
Configuration Name: 
Machine: SPARO (Microsoft Windows NT 10.0.26200.0)
Host Application: C:\WINDOWS\System32\WindowsPowerShell\v1.0\powershell.exe -ExecutionPolicy Bypass -File C:\Users\S P A R O\Desktop\PS1 SCRIPTS\DevToolsInstaller\src\DevToolsInstaller.ps1
Process ID: 23908
PSVersion: 5.1.26100.7019
PSEdition: Desktop
PSCompatibleVersions: 1.0, 2.0, 3.0, 4.0, 5.0, 5.1.26100.7019
BuildVersion: 10.0.26100.7019
CLRVersion: 4.0.30319.42000
WSManStackVersion: 3.0
PSRemotingProtocolVersion: 2.3
SerializationVersion: 1.1.0.1
**********************
[INFO] Error capture enabled. Transcript: C:\Users\S P A R O\Desktop\PS1 SCRIPTS\DevToolsInstaller\src\Parts\..\\Logs\runtime_errors_2025-12-06.log
========================================
Development Tools Installer V2.0
Created by SPARO c 2025
========================================

✅ Sidebar Navigation + Profiles
✅ Health Dashboard & Reports
✅ Update Center (Chocolatey)
✅ Saved Settings + Theme
✅ 34 Development Tools + 22 VS Code Extensions

🚀 Opening GUI...
INFO: 
=== Installing VS Code Extensions ===
INFO: Installing extension: abusaidm.html-snippets
INFO: Installing extensions...
Installing extension 'abusaidm.html-snippets'...
Extension 'abusaidm.html-snippets' v0.2.1 was successfully installed.
INFO: Installed: abusaidm.html-snippets
INFO: 
Installation Complete!
INFO: Installed: 1
INFO: Failed: 0
INFO: 
=== Installing VS Code Extensions ===
INFO: Installing extension: ms-python.vscode-pylance
INFO: Installing extensions...
Installing extension 'ms-python.vscode-pylance'...
Extension 'ms-python.vscode-pylance' v2025.10.4 was successfully installed.
INFO: Installed: ms-python.vscode-pylance
INFO: 
Installation Complete!
INFO: Installed: 1
INFO: Failed: 0
INFO: 
=== Uninstalling VS Code Extensions ===
INFO: Uninstalling extension: ms-python.vscode-pylance
INFO: Uninstalling ms-python.vscode-pylance...
Extension 'ms-python.vscode-pylance' was successfully uninstalled!
INFO: FATAL ERROR: v8::ToLocalChecked Empty MaybeLocal
----- Native stack trace -----

 1: 00007FF681C3C8EA llhttp_get_upgrade+41818
 2: 00007FF681D17EE2 node::OnFatalError+290
 3: 00007FF6870CB46C v8::Function::NewInstance+540
 4: 00007FF6870CB9A4 v8::api_internal::ToLocalEmpty+20
 5: 00007FF681D9022C uv_loop_fork+454748
 6: 00007FF681D94136 uv_loop_fork+470886
 7: 00007FF685BC45F4 v8::internal::compiler::CompilationDependencies::FieldTypeDependencyOffTheRecord+2220916
 8: 00007FF685BC27F5 v8::internal::compiler::CompilationDependencies::FieldTypeDependencyOffTheRecord+2213237
 9: 00007FF685BC27F5 v8::internal::compiler::CompilationDependencies::FieldTypeDependencyOffTheRecord+2213237
10: 00007FF685BC27F5 v8::internal::compiler::CompilationDependencies::FieldTypeDependencyOffTheRecord+2213237
11: 00007FF6E0113ADA 

----- JavaScript stack trace -----

1: getPackageScopeConfig (node:internal/modules/package_json_reader:160:33)
2: getPackageJSONURL (node:internal/modules/package_json_reader:236:25)
3: packageResolve (node:internal/modules/esm/resolve:779:81)
4: moduleResolve (node:internal/modules/esm/resolve:865:18)
5: defaultResolve (node:internal/modules/esm/resolve:995:11)
6: nextResolve (node:internal/modules/esm/hooks:748:28)
7: resolve (data:text/javascript;base64,CglleHBvcnQgYXN5bmMgZnVuY3Rpb24gcmVzb2x2ZShzcGVjaWZpZXIsIGNvbnRleHQsIG5leHRSZXNvbHZlKSB7CgkJaWYgKHNwZWNpZmllciA9PT0gJ2ZzJykgewoJCQlyZXR1cm4gewoJCQkJZm9ybWF0OiAnYnVpbHRpbicsCgkJCQlzaG9ydENpcmN1aXQ6IHRydWUsCgkJCQl1cmw6ICdub2RlOm9yaWdpbmFsLWZzJwoJCQl9OwoJCX0KCgkJLy8gRGVmZXIgdG8gdGhlIG5leHQgaG9vayBpbiB0aGUgY2hhaW4sIHdoaWNoIHdvdWxkIGJlIHRoZQoJCS8vIE5vZGUuanMgZGVmYXVsdCByZXNvbHZlIGlmIHRoaXMgaXMgdGhlIGxhc3QgdXNlci1zcGVjaWZpZWQgbG9hZGVyLgoJCXJldHVybiBuZXh0UmVzb2x2ZShzcGVjaWZpZXIsIGNvbnRleHQpOwoJfQ==:13:10)
8: nextResolve (node:internal/modules/esm/hooks:748:28)
9: resolve (node:internal/modules/esm/hooks:240:30)
10: handleMessage (node:internal/modules/esm/worker:199:24)
INFO: Failed to uninstall: ms-python.vscode-pylance (Exit code: 134)
INFO: 
Uninstall Complete!
INFO: Uninstalled: 0
INFO: Failed: 1
**********************
Windows PowerShell transcript end
End time: 20251206162823
**********************
**********************
Windows PowerShell transcript start
Start time: 20251206162827
Username: SPARO\S P A R O
RunAs User: SPARO\S P A R O
Configuration Name: 
Machine: SPARO (Microsoft Windows NT 10.0.26200.0)
Host Application: C:\WINDOWS\System32\WindowsPowerShell\v1.0\powershell.exe -ExecutionPolicy Bypass -File C:\Users\S P A R O\Desktop\PS1 SCRIPTS\DevToolsInstaller\src\DevToolsInstaller.ps1
Process ID: 28408
PSVersion: 5.1.26100.7019
PSEdition: Desktop
PSCompatibleVersions: 1.0, 2.0, 3.0, 4.0, 5.0, 5.1.26100.7019
BuildVersion: 10.0.26100.7019
CLRVersion: 4.0.30319.42000
WSManStackVersion: 3.0
PSRemotingProtocolVersion: 2.3
SerializationVersion: 1.1.0.1
**********************
[INFO] Error capture enabled. Transcript: C:\Users\S P A R O\Desktop\PS1 SCRIPTS\DevToolsInstaller\src\Parts\..\\Logs\runtime_errors_2025-12-06.log
========================================
Development Tools Installer V2.0
Created by SPARO c 2025
========================================

✅ Sidebar Navigation + Profiles
✅ Health Dashboard & Reports
✅ Update Center (Chocolatey)
✅ Saved Settings + Theme
✅ 34 Development Tools + 22 VS Code Extensions

🚀 Opening GUI...
INFO: 
=== Installing VS Code Extensions ===
INFO: Installing extension: ms-python.vscode-pylance
INFO: Installing extensions...
Installing extension 'ms-python.vscode-pylance'...
Extension 'ms-python.vscode-pylance' v2025.10.4 was successfully installed.
INFO: Installed: ms-python.vscode-pylance
INFO: 
Installation Complete!
INFO: Installed: 1
INFO: Failed: 0
INFO: 
=== Uninstalling VS Code Extensions ===
INFO: Uninstalling extension: ms-python.vscode-pylance
INFO: Uninstalling ms-python.vscode-pylance...
Extension 'ms-python.vscode-pylance' was successfully uninstalled!
INFO: Uninstalled: ms-python.vscode-pylance
INFO: 
Uninstall Complete!
INFO: Uninstalled: 1
INFO: Failed: 0
INFO: 
=== Installing VS Code Extensions ===
INFO: Installing extension: ms-python.vscode-pylance
INFO: Installing extensions...
Installing extension 'ms-python.vscode-pylance'...
Extension 'ms-python.vscode-pylance' v2025.10.4 was successfully installed.
INFO: Installed: ms-python.vscode-pylance
INFO: 
Installation Complete!
INFO: Installed: 1
INFO: Failed: 0
INFO: 
=== Uninstalling VS Code Extensions ===
INFO: Uninstalling extension: formulahendry.auto-complete-tag
INFO: Uninstalling formulahendry.auto-complete-tag...
Extension 'formulahendry.auto-complete-tag' was successfully uninstalled!
INFO: Uninstalled: formulahendry.auto-complete-tag
INFO: 
Uninstall Complete!
INFO: Uninstalled: 1
INFO: Failed: 0
INFO: 
=== Installing VS Code Extensions ===
INFO: Installing extension: formulahendry.auto-close-tag
INFO: Installing extensions...
Installing extension 'formulahendry.auto-close-tag'...
Extension 'formulahendry.auto-close-tag' v0.5.15 was successfully installed.
INFO: Installed: formulahendry.auto-close-tag
INFO: Installing extension: formulahendry.auto-complete-tag
INFO: Installing extensions...
Installing extension 'formulahendry.auto-complete-tag'...
Extension 'formulahendry.auto-complete-tag' v0.1.0 was successfully installed.
Extension 'formulahendry.auto-rename-tag' v0.1.10 was successfully installed.
INFO: Installed: formulahendry.auto-complete-tag
INFO: Installing extension: formulahendry.auto-rename-tag
INFO: Installing extensions...
Extension 'formulahendry.auto-rename-tag' is already installed.
INFO: Installed: formulahendry.auto-rename-tag
INFO: 
Installation Complete!
INFO: Installed: 3
INFO: Failed: 0
**********************
Windows PowerShell transcript end
End time: 20251206163204
**********************
**********************
Windows PowerShell transcript start
Start time: 20251206163208
Username: SPARO\S P A R O
RunAs User: SPARO\S P A R O
Configuration Name: 
Machine: SPARO (Microsoft Windows NT 10.0.26200.0)
Host Application: C:\WINDOWS\System32\WindowsPowerShell\v1.0\powershell.exe -ExecutionPolicy Bypass -File C:\Users\S P A R O\Desktop\PS1 SCRIPTS\DevToolsInstaller\src\DevToolsInstaller.ps1
Process ID: 36524
PSVersion: 5.1.26100.7019
PSEdition: Desktop
PSCompatibleVersions: 1.0, 2.0, 3.0, 4.0, 5.0, 5.1.26100.7019
BuildVersion: 10.0.26100.7019
CLRVersion: 4.0.30319.42000
WSManStackVersion: 3.0
PSRemotingProtocolVersion: 2.3
SerializationVersion: 1.1.0.1
**********************
[INFO] Error capture enabled. Transcript: C:\Users\S P A R O\Desktop\PS1 SCRIPTS\DevToolsInstaller\src\Parts\..\\Logs\runtime_errors_2025-12-06.log
========================================
Development Tools Installer V2.0
Created by SPARO c 2025
========================================

✅ Sidebar Navigation + Profiles
✅ Health Dashboard & Reports
✅ Update Center (Chocolatey)
✅ Saved Settings + Theme
✅ 34 Development Tools + 22 VS Code Extensions

🚀 Opening GUI...
[ERROR] Unhandled error: You cannot call a method on a null-valued expression.
**********************
Windows PowerShell transcript end
End time: 20251206163216
**********************
**********************
Windows PowerShell transcript start
Start time: 20251206163929
Username: SPARO\S P A R O
RunAs User: SPARO\S P A R O
Configuration Name: 
Machine: SPARO (Microsoft Windows NT 10.0.26200.0)
Host Application: C:\WINDOWS\System32\WindowsPowerShell\v1.0\powershell.exe -ExecutionPolicy Bypass -File C:\Users\S P A R O\Desktop\PS1 SCRIPTS\DevToolsInstaller\src\DevToolsInstaller.ps1
Process ID: 29992
PSVersion: 5.1.26100.7019
PSEdition: Desktop
PSCompatibleVersions: 1.0, 2.0, 3.0, 4.0, 5.0, 5.1.26100.7019
BuildVersion: 10.0.26100.7019
CLRVersion: 4.0.30319.42000
WSManStackVersion: 3.0
PSRemotingProtocolVersion: 2.3
SerializationVersion: 1.1.0.1
**********************
[INFO] Error capture enabled. Transcript: C:\Users\S P A R O\Desktop\PS1 SCRIPTS\DevToolsInstaller\src\Parts\..\\Logs\runtime_errors_2025-12-06.log
========================================
Development Tools Installer V2.0
Created by SPARO c 2025
========================================

✅ Sidebar Navigation + Profiles
✅ Health Dashboard & Reports
✅ Update Center (Chocolatey)
✅ Saved Settings + Theme
✅ 34 Development Tools + 22 VS Code Extensions

🚀 Opening GUI...
**********************
Windows PowerShell transcript start
Start time: 20251206164003
Username: SPARO\S P A R O
RunAs User: SPARO\S P A R O
Configuration Name: 
Machine: SPARO (Microsoft Windows NT 10.0.26200.0)
Host Application: C:\WINDOWS\System32\WindowsPowerShell\v1.0\powershell.exe -ExecutionPolicy Bypass -File C:\Users\S P A R O\Desktop\PS1 SCRIPTS\DevToolsInstaller\src\DevToolsInstaller.ps1
Process ID: 31068
PSVersion: 5.1.26100.7019
PSEdition: Desktop
PSCompatibleVersions: 1.0, 2.0, 3.0, 4.0, 5.0, 5.1.26100.7019
BuildVersion: 10.0.26100.7019
CLRVersion: 4.0.30319.42000
WSManStackVersion: 3.0
PSRemotingProtocolVersion: 2.3
SerializationVersion: 1.1.0.1
**********************
[INFO] Error capture enabled. Transcript: C:\Users\S P A R O\Desktop\PS1 SCRIPTS\DevToolsInstaller\src\Parts\..\\Logs\runtime_errors_2025-12-06.log
========================================
Development Tools Installer V2.0
Created by SPARO c 2025
========================================

✅ Sidebar Navigation + Profiles
✅ Health Dashboard & Reports
✅ Update Center (Chocolatey)
✅ Saved Settings + Theme
✅ 34 Development Tools + 22 VS Code Extensions

🚀 Opening GUI...
[ERROR] Unhandled error: You cannot call a method on a null-valued expression.
**********************
Windows PowerShell transcript end
End time: 20251206164009
**********************
**********************
Windows PowerShell transcript start
Start time: 20251206164224
Username: SPARO\S P A R O
RunAs User: SPARO\S P A R O
Configuration Name: 
Machine: SPARO (Microsoft Windows NT 10.0.26200.0)
Host Application: C:\WINDOWS\System32\WindowsPowerShell\v1.0\powershell.exe -ExecutionPolicy Bypass -File C:\Users\S P A R O\Desktop\PS1 SCRIPTS\DevToolsInstaller\src\DevToolsInstaller.ps1
Process ID: 35896
PSVersion: 5.1.26100.7019
PSEdition: Desktop
PSCompatibleVersions: 1.0, 2.0, 3.0, 4.0, 5.0, 5.1.26100.7019
BuildVersion: 10.0.26100.7019
CLRVersion: 4.0.30319.42000
WSManStackVersion: 3.0
PSRemotingProtocolVersion: 2.3
SerializationVersion: 1.1.0.1
**********************
[INFO] Error capture enabled. Transcript: C:\Users\S P A R O\Desktop\PS1 SCRIPTS\DevToolsInstaller\src\Parts\..\\Logs\runtime_errors_2025-12-06.log
========================================
Development Tools Installer V2.0
Created by SPARO c 2025
========================================

✅ Sidebar Navigation + Profiles
✅ Health Dashboard & Reports
✅ Update Center (Chocolatey)
✅ Saved Settings + Theme
✅ 34 Development Tools + 22 VS Code Extensions

🚀 Opening GUI...
[ERROR] Unhandled error: You cannot call a method on a null-valued expression.
**********************
Windows PowerShell transcript end
End time: 20251206164247
**********************
**********************
Windows PowerShell transcript start
Start time: 20251206164505
Username: SPARO\S P A R O
RunAs User: SPARO\S P A R O
Configuration Name: 
Machine: SPARO (Microsoft Windows NT 10.0.26200.0)
Host Application: C:\WINDOWS\System32\WindowsPowerShell\v1.0\powershell.exe -ExecutionPolicy Bypass -File C:\Users\S P A R O\Desktop\PS1 SCRIPTS\DevToolsInstaller\src\DevToolsInstaller.ps1
Process ID: 21684
PSVersion: 5.1.26100.7019
PSEdition: Desktop
PSCompatibleVersions: 1.0, 2.0, 3.0, 4.0, 5.0, 5.1.26100.7019
BuildVersion: 10.0.26100.7019
CLRVersion: 4.0.30319.42000
WSManStackVersion: 3.0
PSRemotingProtocolVersion: 2.3
SerializationVersion: 1.1.0.1
**********************
[INFO] Error capture enabled. Transcript: C:\Users\S P A R O\Desktop\PS1 SCRIPTS\DevToolsInstaller\src\Parts\..\\Logs\runtime_errors_2025-12-06.log
========================================
Development Tools Installer V2.0
Created by SPARO c 2025
========================================

✅ Sidebar Navigation + Profiles
✅ Health Dashboard & Reports
✅ Update Center (Chocolatey)
✅ Saved Settings + Theme
✅ 34 Development Tools + 22 VS Code Extensions

🚀 Opening GUI...
[ERROR] Unhandled error: You cannot call a method on a null-valued expression.
**********************
Windows PowerShell transcript end
End time: 20251206164511
**********************
**********************
Windows PowerShell transcript start
Start time: 20251206164842
Username: SPARO\S P A R O
RunAs User: SPARO\S P A R O
Configuration Name: 
Machine: SPARO (Microsoft Windows NT 10.0.26200.0)
Host Application: C:\WINDOWS\System32\WindowsPowerShell\v1.0\powershell.exe -ExecutionPolicy Bypass -File C:\Users\S P A R O\Desktop\PS1 SCRIPTS\DevToolsInstaller\src\DevToolsInstaller.ps1
Process ID: 4316
PSVersion: 5.1.26100.7019
PSEdition: Desktop
PSCompatibleVersions: 1.0, 2.0, 3.0, 4.0, 5.0, 5.1.26100.7019
BuildVersion: 10.0.26100.7019
CLRVersion: 4.0.30319.42000
WSManStackVersion: 3.0
PSRemotingProtocolVersion: 2.3
SerializationVersion: 1.1.0.1
**********************
[INFO] Error capture enabled. Transcript: C:\Users\S P A R O\Desktop\PS1 SCRIPTS\DevToolsInstaller\src\Parts\..\\Logs\runtime_errors_2025-12-06.log
========================================
Development Tools Installer V2.0
Created by SPARO c 2025
========================================

✅ Sidebar Navigation + Profiles
✅ Health Dashboard & Reports
✅ Update Center (Chocolatey)
✅ Saved Settings + Theme
✅ 34 Development Tools + 22 VS Code Extensions

🚀 Opening GUI...
**********************
Windows PowerShell transcript start
Start time: 20251206164900
Username: SPARO\S P A R O
RunAs User: SPARO\S P A R O
Configuration Name: 
Machine: SPARO (Microsoft Windows NT 10.0.26200.0)
Host Application: C:\WINDOWS\System32\WindowsPowerShell\v1.0\powershell.exe -ExecutionPolicy Bypass -File C:\Users\S P A R O\Desktop\PS1 SCRIPTS\DevToolsInstaller\src\DevToolsInstaller.ps1
Process ID: 36592
PSVersion: 5.1.26100.7019
PSEdition: Desktop
PSCompatibleVersions: 1.0, 2.0, 3.0, 4.0, 5.0, 5.1.26100.7019
BuildVersion: 10.0.26100.7019
CLRVersion: 4.0.30319.42000
WSManStackVersion: 3.0
PSRemotingProtocolVersion: 2.3
SerializationVersion: 1.1.0.1
**********************
[INFO] Error capture enabled. Transcript: C:\Users\S P A R O\Desktop\PS1 SCRIPTS\DevToolsInstaller\src\Parts\..\\Logs\runtime_errors_2025-12-06.log
========================================
Development Tools Installer V2.0
Created by SPARO c 2025
========================================

✅ Sidebar Navigation + Profiles
✅ Health Dashboard & Reports
✅ Update Center (Chocolatey)
✅ Saved Settings + Theme
✅ 34 Development Tools + 22 VS Code Extensions

🚀 Opening GUI...
**********************
Windows PowerShell transcript start
Start time: 20251206165511
Username: SPARO\S P A R O
RunAs User: SPARO\S P A R O
Configuration Name: 
Machine: SPARO (Microsoft Windows NT 10.0.26200.0)
Host Application: C:\WINDOWS\System32\WindowsPowerShell\v1.0\powershell.exe -ExecutionPolicy Bypass -File C:\Users\S P A R O\Desktop\PS1 SCRIPTS\DevToolsInstaller\src\DevToolsInstaller.ps1
Process ID: 24768
PSVersion: 5.1.26100.7019
PSEdition: Desktop
PSCompatibleVersions: 1.0, 2.0, 3.0, 4.0, 5.0, 5.1.26100.7019
BuildVersion: 10.0.26100.7019
CLRVersion: 4.0.30319.42000
WSManStackVersion: 3.0
PSRemotingProtocolVersion: 2.3
SerializationVersion: 1.1.0.1
**********************
[INFO] Error capture enabled. Transcript: C:\Users\S P A R O\Desktop\PS1 SCRIPTS\DevToolsInstaller\src\Parts\..\\Logs\runtime_errors_2025-12-06.log
========================================
Development Tools Installer V2.0
Created by SPARO c 2025
========================================

✅ Sidebar Navigation + Profiles
✅ Health Dashboard & Reports
✅ Update Center (Chocolatey)
✅ Saved Settings + Theme
✅ 34 Development Tools + 22 VS Code Extensions

🚀 Opening GUI...
**********************
Windows PowerShell transcript end
End time: 20251206165517
**********************
**********************
Windows PowerShell transcript start
Start time: 20251206170533
Username: SPARO\S P A R O
RunAs User: SPARO\S P A R O
Configuration Name: 
Machine: SPARO (Microsoft Windows NT 10.0.26200.0)
Host Application: C:\WINDOWS\System32\WindowsPowerShell\v1.0\powershell.exe -ExecutionPolicy Bypass -File C:\Users\S P A R O\Desktop\PS1 SCRIPTS\DevToolsInstaller\src\DevToolsInstaller.ps1
Process ID: 12064
PSVersion: 5.1.26100.7019
PSEdition: Desktop
PSCompatibleVersions: 1.0, 2.0, 3.0, 4.0, 5.0, 5.1.26100.7019
BuildVersion: 10.0.26100.7019
CLRVersion: 4.0.30319.42000
WSManStackVersion: 3.0
PSRemotingProtocolVersion: 2.3
SerializationVersion: 1.1.0.1
**********************
[INFO] Error capture enabled. Transcript: C:\Users\S P A R O\Desktop\PS1 SCRIPTS\DevToolsInstaller\src\Parts\..\\Logs\runtime_errors_2025-12-06.log
========================================
Development Tools Installer V2.0
Created by SPARO c 2025
========================================

✅ Sidebar Navigation + Profiles
✅ Health Dashboard & Reports
✅ Update Center (Chocolatey)
✅ Saved Settings + Theme
✅ 34 Development Tools + 22 VS Code Extensions

🚀 Opening GUI...
[INFO] Installing terraform via Chocolatey
[INFO] Running: choco install terraform -y --no-progress --limit-output
[INFO] Chocolatey exit code for terraform : 0
[SUCCESS] terraform verified in lib folder (found: terraform)
[SUCCESS] terraform installed successfully via Chocolatey
[INFO] Installing kubernetes-helm via Chocolatey
[INFO] Running: choco install kubernetes-helm -y --no-progress --limit-output
[INFO] Chocolatey exit code for kubernetes-helm : 0
[SUCCESS] kubernetes-helm verified in lib folder (found: kubernetes-helm)
[SUCCESS] kubernetes-helm installed successfully via Chocolatey
[INFO] Installing golang via Chocolatey
[INFO] Running: choco install golang -y --no-progress --limit-output
[INFO] Chocolatey exit code for golang : 0
[SUCCESS] golang verified in lib folder (found: golang)
[SUCCESS] golang installed successfully via Chocolatey
[INFO] Installing rust via Chocolatey
[INFO] Running: choco install rust -y --no-progress --limit-output
[INFO] Chocolatey exit code for rust : 0
[SUCCESS] rust verified in lib folder (found: rust)
[SUCCESS] rust installed successfully via Chocolatey
[INFO] Installing openjdk via Chocolatey
[INFO] Running: choco install openjdk -y --no-progress --limit-output
[INFO] Chocolatey exit code for openjdk : 0
[SUCCESS] openjdk verified in lib folder (found: openjdk)
[SUCCESS] openjdk installed successfully via Chocolatey
[INFO] Installing maven via Chocolatey
[INFO] Running: choco install maven -y --no-progress --limit-output
[INFO] Chocolatey exit code for maven : 0
[SUCCESS] maven verified in lib folder (found: maven)
[SUCCESS] maven installed successfully via Chocolatey
[INFO] Installing gradle via Chocolatey
[INFO] Running: choco install gradle -y --no-progress --limit-output
[INFO] Chocolatey exit code for gradle : 0
[SUCCESS] gradle verified in lib folder (found: gradle)
[SUCCESS] gradle installed successfully via Chocolatey
[INFO] Installing ruby via Chocolatey
[INFO] Running: choco install ruby -y --no-progress --limit-output
[INFO] Chocolatey exit code for ruby : 0
[SUCCESS] ruby verified in lib folder (found: ruby)
[SUCCESS] ruby installed successfully via Chocolatey
**********************
Windows PowerShell transcript end
End time: 20251206172747
**********************
﻿**********************
Windows PowerShell transcript start
Start time: 20251206172741
Username: SPARO\S P A R O
RunAs User: SPARO\S P A R O
Configuration Name: 
Machine: SPARO (Microsoft Windows NT 10.0.26200.0)
Host Application: C:\WINDOWS\System32\WindowsPowerShell\v1.0\powershell.exe -ExecutionPolicy Bypass -File C:\Users\S P A R O\Desktop\PS1 SCRIPTS\DevToolsInstaller\src\DevToolsInstaller.ps1
Process ID: 17032
PSVersion: 5.1.26100.7019
PSEdition: Desktop
PSCompatibleVersions: 1.0, 2.0, 3.0, 4.0, 5.0, 5.1.26100.7019
BuildVersion: 10.0.26100.7019
CLRVersion: 4.0.30319.42000
WSManStackVersion: 3.0
PSRemotingProtocolVersion: 2.3
SerializationVersion: 1.1.0.1
**********************
[INFO] Error capture enabled. Transcript: C:\Users\S P A R O\Desktop\PS1 SCRIPTS\DevToolsInstaller\src\Parts\..\\Logs\runtime_errors_2025-12-06.log
========================================
Development Tools Installer V2.0
Created by SPARO c 2025
========================================

✅ Sidebar Navigation + Profiles
✅ Health Dashboard & Reports
✅ Update Center (Chocolatey)
✅ Saved Settings + Theme
✅ 34 Development Tools + 22 VS Code Extensions

🚀 Opening GUI...
**********************
Windows PowerShell transcript start
Start time: 20251206173240
Username: SPARO\S P A R O
RunAs User: SPARO\S P A R O
Configuration Name: 
Machine: SPARO (Microsoft Windows NT 10.0.26200.0)
Host Application: C:\WINDOWS\System32\WindowsPowerShell\v1.0\powershell.exe -ExecutionPolicy Bypass -File C:\Users\S P A R O\Desktop\PS1 SCRIPTS\DevToolsInstaller\src\DevToolsInstaller.ps1
Process ID: 17344
PSVersion: 5.1.26100.7019
PSEdition: Desktop
PSCompatibleVersions: 1.0, 2.0, 3.0, 4.0, 5.0, 5.1.26100.7019
BuildVersion: 10.0.26100.7019
CLRVersion: 4.0.30319.42000
WSManStackVersion: 3.0
PSRemotingProtocolVersion: 2.3
SerializationVersion: 1.1.0.1
**********************
[INFO] Error capture enabled. Transcript: C:\Users\S P A R O\Desktop\PS1 SCRIPTS\DevToolsInstaller\src\Parts\..\\Logs\runtime_errors_2025-12-06.log
========================================
Development Tools Installer V2.0
Created by SPARO c 2025
========================================

✅ Sidebar Navigation + Profiles
✅ Health Dashboard & Reports
✅ Update Center (Chocolatey)
✅ Saved Settings + Theme
✅ 34 Development Tools + 22 VS Code Extensions

🚀 Opening GUI...
[INFO] Postman is not installed. Skipping uninstall.
[INFO] Chrome is not installed. Skipping uninstall.
[INFO] GitHubCLI is not installed. Skipping uninstall.
[INFO] MySQLWorkbench is not installed. Skipping uninstall.
[INFO] MongoDBCompass is not installed. Skipping uninstall.
[INFO] DBeaver is not installed. Skipping uninstall.
[INFO] PgAdmin is not installed. Skipping uninstall.
[INFO] Redis is not installed. Skipping uninstall.
[INFO] IntelliJ is not installed. Skipping uninstall.
[INFO] PyCharm is not installed. Skipping uninstall.
[INFO] AndroidStudio is not installed. Skipping uninstall.
[INFO] Sublime is not installed. Skipping uninstall.
[INFO] NotepadPP is not installed. Skipping uninstall.
[INFO] Slack is not installed. Skipping uninstall.
[INFO] Insomnia is not installed. Skipping uninstall.
[INFO] Skipping not installed: Postman, Chrome, GitHubCLI, MySQLWorkbench, MongoDBCompass, DBeaver, PgAdmin, Redis, IntelliJ, PyCharm, AndroidStudio, Sublime, NotepadPP, Slack, Insomnia
[SUCCESS] Docker uninstalled successfully
[SUCCESS] 7Zip uninstalled successfully
[SUCCESS] AzureCLI uninstalled successfully
[SUCCESS] AWSCLI uninstalled successfully
[SUCCESS] Terraform uninstalled successfully
[SUCCESS] Kubectl uninstalled successfully
[SUCCESS] GitHubDesktop uninstalled successfully
[SUCCESS] WindowsTerminal uninstalled successfully
[SUCCESS] PowerToys uninstalled successfully
**********************
Windows PowerShell transcript end
End time: 20251206174437
**********************
**********************
Windows PowerShell transcript start
Start time: 20251206174447
Username: SPARO\S P A R O
RunAs User: SPARO\S P A R O
Configuration Name: 
Machine: SPARO (Microsoft Windows NT 10.0.26200.0)
Host Application: C:\WINDOWS\System32\WindowsPowerShell\v1.0\powershell.exe -ExecutionPolicy Bypass -File C:\Users\S P A R O\Desktop\PS1 SCRIPTS\DevToolsInstaller\src\DevToolsInstaller.ps1
Process ID: 15212
PSVersion: 5.1.26100.7019
PSEdition: Desktop
PSCompatibleVersions: 1.0, 2.0, 3.0, 4.0, 5.0, 5.1.26100.7019
BuildVersion: 10.0.26100.7019
CLRVersion: 4.0.30319.42000
WSManStackVersion: 3.0
PSRemotingProtocolVersion: 2.3
SerializationVersion: 1.1.0.1
**********************
[INFO] Error capture enabled. Transcript: C:\Users\S P A R O\Desktop\PS1 SCRIPTS\DevToolsInstaller\src\Parts\..\\Logs\runtime_errors_2025-12-06.log
========================================
Development Tools Installer V2.0
Created by SPARO c 2025
========================================

✅ Sidebar Navigation + Profiles
✅ Health Dashboard & Reports
✅ Update Center (Chocolatey)
✅ Saved Settings + Theme
✅ 34 Development Tools + 22 VS Code Extensions

🚀 Opening GUI...
[INFO] Updating anydesk.portable via Chocolatey
[SUCCESS] anydesk.portable upgraded successfully via Chocolatey
[INFO] Updating chocolatey via Chocolatey
[SUCCESS] chocolatey upgraded successfully via Chocolatey
[INFO] Updating postgresql18 via Chocolatey
**********************
Windows PowerShell transcript start
Start time: 20251206180126
Username: SPARO\S P A R O
RunAs User: SPARO\S P A R O
Configuration Name: 
Machine: SPARO (Microsoft Windows NT 10.0.26200.0)
Host Application: C:\WINDOWS\System32\WindowsPowerShell\v1.0\powershell.exe -ExecutionPolicy Bypass -File C:\Users\S P A R O\Desktop\PS1 SCRIPTS\DevToolsInstaller\src\DevToolsInstaller.ps1
Process ID: 944
PSVersion: 5.1.26100.7019
PSEdition: Desktop
PSCompatibleVersions: 1.0, 2.0, 3.0, 4.0, 5.0, 5.1.26100.7019
BuildVersion: 10.0.26100.7019
CLRVersion: 4.0.30319.42000
WSManStackVersion: 3.0
PSRemotingProtocolVersion: 2.3
SerializationVersion: 1.1.0.1
**********************
[INFO] Error capture enabled. Transcript: C:\Users\S P A R O\Desktop\PS1 SCRIPTS\DevToolsInstaller\src\Parts\..\\Logs\runtime_errors_2025-12-06.log
========================================
Development Tools Installer V2.0
Created by SPARO c 2025
========================================

✅ Sidebar Navigation + Profiles
✅ Health Dashboard & Reports
✅ Update Center (Chocolatey)
✅ Saved Settings + Theme
✅ 34 Development Tools + 22 VS Code Extensions

🚀 Opening GUI...
[ERROR] Unhandled error: You cannot call a method on a null-valued expression.
**********************
Windows PowerShell transcript end
End time: 20251206180158
**********************
**********************
Windows PowerShell transcript start
Start time: 20251206183437
Username: SPARO\S P A R O
RunAs User: SPARO\S P A R O
Configuration Name: 
Machine: SPARO (Microsoft Windows NT 10.0.26200.0)
Host Application: C:\WINDOWS\System32\WindowsPowerShell\v1.0\powershell.exe -ExecutionPolicy Bypass -File C:\Users\S P A R O\Desktop\PS1 SCRIPTS\DevToolsInstaller\src\DevToolsInstaller.ps1
Process ID: 13844
PSVersion: 5.1.26100.7019
PSEdition: Desktop
PSCompatibleVersions: 1.0, 2.0, 3.0, 4.0, 5.0, 5.1.26100.7019
BuildVersion: 10.0.26100.7019
CLRVersion: 4.0.30319.42000
WSManStackVersion: 3.0
PSRemotingProtocolVersion: 2.3
SerializationVersion: 1.1.0.1
**********************
[INFO] Error capture enabled. Transcript: C:\Users\S P A R O\Desktop\PS1 SCRIPTS\DevToolsInstaller\src\Parts\..\\Logs\runtime_errors_2025-12-06.log
========================================
Development Tools Installer V2.0
Created by SPARO c 2025
========================================

✅ Sidebar Navigation + Profiles
✅ Health Dashboard & Reports
✅ Update Center (Chocolatey)
✅ Saved Settings + Theme
✅ 34 Development Tools + 22 VS Code Extensions

🚀 Opening GUI...
